{"/home/olivier/workspaces/Projects/Chat-app/server/dist/src/app.js": {"path":"/home/olivier/workspaces/Projects/Chat-app/server/dist/src/app.js","statementMap":{"0":{"start":{"line":2,"column":22},"end":{"line":4,"column":1}},"1":{"start":{"line":3,"column":4},"end":{"line":3,"column":62}},"2":{"start":{"line":5,"column":0},"end":{"line":5,"column":62}},"3":{"start":{"line":6,"column":0},"end":{"line":6,"column":37}},"4":{"start":{"line":7,"column":18},"end":{"line":7,"column":53}},"5":{"start":{"line":8,"column":18},"end":{"line":8,"column":64}},"6":{"start":{"line":9,"column":21},"end":{"line":9,"column":71}},"7":{"start":{"line":10,"column":24},"end":{"line":10,"column":77}},"8":{"start":{"line":11,"column":21},"end":{"line":11,"column":71}},"9":{"start":{"line":12,"column":0},"end":{"line":12,"column":25}},"10":{"start":{"line":13,"column":20},"end":{"line":13,"column":40}},"11":{"start":{"line":14,"column":20},"end":{"line":14,"column":40}},"12":{"start":{"line":15,"column":12},"end":{"line":15,"column":36}},"13":{"start":{"line":16,"column":0},"end":{"line":16,"column":25}},"14":{"start":{"line":17,"column":0},"end":{"line":17,"column":34}},"15":{"start":{"line":18,"column":0},"end":{"line":18,"column":58}},"16":{"start":{"line":19,"column":0},"end":{"line":19,"column":47}},"17":{"start":{"line":20,"column":0},"end":{"line":20,"column":53}},"18":{"start":{"line":21,"column":0},"end":{"line":21,"column":46}},"19":{"start":{"line":22,"column":19},"end":{"line":22,"column":53}},"20":{"start":{"line":23,"column":0},"end":{"line":23,"column":48}},"21":{"start":{"line":24,"column":0},"end":{"line":26,"column":3}},"22":{"start":{"line":25,"column":4},"end":{"line":25,"column":23}},"23":{"start":{"line":27,"column":0},"end":{"line":27,"column":29}}},"fnMap":{"0":{"name":"(anonymous_0)","decl":{"start":{"line":2,"column":56},"end":{"line":2,"column":57}},"loc":{"start":{"line":2,"column":71},"end":{"line":4,"column":1}},"line":2},"1":{"name":"(anonymous_1)","decl":{"start":{"line":24,"column":28},"end":{"line":24,"column":29}},"loc":{"start":{"line":24,"column":35},"end":{"line":26,"column":1}},"line":24}},"branchMap":{"0":{"loc":{"start":{"line":2,"column":22},"end":{"line":4,"column":1}},"type":"binary-expr","locations":[{"start":{"line":2,"column":23},"end":{"line":2,"column":27}},{"start":{"line":2,"column":31},"end":{"line":2,"column":51}},{"start":{"line":2,"column":56},"end":{"line":4,"column":1}}],"line":2},"1":{"loc":{"start":{"line":3,"column":11},"end":{"line":3,"column":61}},"type":"cond-expr","locations":[{"start":{"line":3,"column":37},"end":{"line":3,"column":40}},{"start":{"line":3,"column":43},"end":{"line":3,"column":61}}],"line":3},"2":{"loc":{"start":{"line":3,"column":12},"end":{"line":3,"column":33}},"type":"binary-expr","locations":[{"start":{"line":3,"column":12},"end":{"line":3,"column":15}},{"start":{"line":3,"column":19},"end":{"line":3,"column":33}}],"line":3}},"s":{"0":1,"1":5,"2":1,"3":1,"4":1,"5":1,"6":1,"7":1,"8":1,"9":1,"10":1,"11":1,"12":1,"13":1,"14":1,"15":1,"16":1,"17":1,"18":1,"19":1,"20":1,"21":1,"22":0,"23":1},"f":{"0":5,"1":0},"b":{"0":[1,1,1],"1":[3,2],"2":[5,5]},"inputSourceMap":null,"_coverageSchema":"1a1c01bbd47fc00a2c39e90264f33305004495a9","hash":"27f3799889a8faa402c50cabbefe8f378fc827a4"}
,"/home/olivier/workspaces/Projects/Chat-app/server/dist/src/controllers/authControllers.js": {"path":"/home/olivier/workspaces/Projects/Chat-app/server/dist/src/controllers/authControllers.js","statementMap":{"0":{"start":{"line":2,"column":22},"end":{"line":4,"column":1}},"1":{"start":{"line":3,"column":4},"end":{"line":3,"column":62}},"2":{"start":{"line":5,"column":0},"end":{"line":5,"column":62}},"3":{"start":{"line":6,"column":0},"end":{"line":6,"column":33}},"4":{"start":{"line":7,"column":23},"end":{"line":7,"column":75}},"5":{"start":{"line":8,"column":19},"end":{"line":8,"column":47}},"6":{"start":{"line":9,"column":22},"end":{"line":9,"column":53}},"7":{"start":{"line":10,"column":23},"end":{"line":10,"column":65}},"8":{"start":{"line":11,"column":14},"end":{"line":31,"column":1}},"9":{"start":{"line":12,"column":4},"end":{"line":30,"column":5}},"10":{"start":{"line":13,"column":21},"end":{"line":13,"column":101}},"11":{"start":{"line":14,"column":22},"end":{"line":18,"column":10}},"12":{"start":{"line":19,"column":8},"end":{"line":22,"column":11}},"13":{"start":{"line":25,"column":8},"end":{"line":29,"column":15}},"14":{"start":{"line":26,"column":12},"end":{"line":29,"column":15}},"15":{"start":{"line":32,"column":0},"end":{"line":32,"column":36}}},"fnMap":{"0":{"name":"(anonymous_0)","decl":{"start":{"line":2,"column":56},"end":{"line":2,"column":57}},"loc":{"start":{"line":2,"column":71},"end":{"line":4,"column":1}},"line":2},"1":{"name":"(anonymous_1)","decl":{"start":{"line":11,"column":14},"end":{"line":11,"column":15}},"loc":{"start":{"line":11,"column":34},"end":{"line":31,"column":1}},"line":11}},"branchMap":{"0":{"loc":{"start":{"line":2,"column":22},"end":{"line":4,"column":1}},"type":"binary-expr","locations":[{"start":{"line":2,"column":23},"end":{"line":2,"column":27}},{"start":{"line":2,"column":31},"end":{"line":2,"column":51}},{"start":{"line":2,"column":56},"end":{"line":4,"column":1}}],"line":2},"1":{"loc":{"start":{"line":3,"column":11},"end":{"line":3,"column":61}},"type":"cond-expr","locations":[{"start":{"line":3,"column":37},"end":{"line":3,"column":40}},{"start":{"line":3,"column":43},"end":{"line":3,"column":61}}],"line":3},"2":{"loc":{"start":{"line":3,"column":12},"end":{"line":3,"column":33}},"type":"binary-expr","locations":[{"start":{"line":3,"column":12},"end":{"line":3,"column":15}},{"start":{"line":3,"column":19},"end":{"line":3,"column":33}}],"line":3},"3":{"loc":{"start":{"line":25,"column":8},"end":{"line":29,"column":15}},"type":"if","locations":[{"start":{"line":25,"column":8},"end":{"line":29,"column":15}},{"start":{},"end":{}}],"line":25}},"s":{"0":1,"1":1,"2":1,"3":1,"4":1,"5":1,"6":1,"7":1,"8":1,"9":1,"10":1,"11":1,"12":1,"13":0,"14":0,"15":1},"f":{"0":1,"1":1},"b":{"0":[1,1,1],"1":[1,0],"2":[1,1],"3":[0,0]},"inputSourceMap":null,"_coverageSchema":"1a1c01bbd47fc00a2c39e90264f33305004495a9","hash":"29197d87d4cdb0ff2bccc92f1f3748df27d39910"}
,"/home/olivier/workspaces/Projects/Chat-app/server/dist/src/controllers/messageControllers.js": {"path":"/home/olivier/workspaces/Projects/Chat-app/server/dist/src/controllers/messageControllers.js","statementMap":{"0":{"start":{"line":2,"column":22},"end":{"line":4,"column":1}},"1":{"start":{"line":3,"column":4},"end":{"line":3,"column":62}},"2":{"start":{"line":5,"column":0},"end":{"line":5,"column":62}},"3":{"start":{"line":6,"column":26},"end":{"line":6,"column":81}},"4":{"start":{"line":7,"column":23},"end":{"line":16,"column":1}},"5":{"start":{"line":8,"column":19},"end":{"line":8,"column":35}},"6":{"start":{"line":9,"column":4},"end":{"line":15,"column":5}},"7":{"start":{"line":10,"column":25},"end":{"line":10,"column":85}},"8":{"start":{"line":11,"column":8},"end":{"line":11,"column":50}},"9":{"start":{"line":14,"column":8},"end":{"line":14,"column":66}},"10":{"start":{"line":17,"column":27},"end":{"line":19,"column":1}},"11":{"start":{"line":20,"column":0},"end":{"line":20,"column":37}}},"fnMap":{"0":{"name":"(anonymous_0)","decl":{"start":{"line":2,"column":56},"end":{"line":2,"column":57}},"loc":{"start":{"line":2,"column":71},"end":{"line":4,"column":1}},"line":2},"1":{"name":"(anonymous_1)","decl":{"start":{"line":7,"column":23},"end":{"line":7,"column":24}},"loc":{"start":{"line":7,"column":43},"end":{"line":16,"column":1}},"line":7}},"branchMap":{"0":{"loc":{"start":{"line":2,"column":22},"end":{"line":4,"column":1}},"type":"binary-expr","locations":[{"start":{"line":2,"column":23},"end":{"line":2,"column":27}},{"start":{"line":2,"column":31},"end":{"line":2,"column":51}},{"start":{"line":2,"column":56},"end":{"line":4,"column":1}}],"line":2},"1":{"loc":{"start":{"line":3,"column":11},"end":{"line":3,"column":61}},"type":"cond-expr","locations":[{"start":{"line":3,"column":37},"end":{"line":3,"column":40}},{"start":{"line":3,"column":43},"end":{"line":3,"column":61}}],"line":3},"2":{"loc":{"start":{"line":3,"column":12},"end":{"line":3,"column":33}},"type":"binary-expr","locations":[{"start":{"line":3,"column":12},"end":{"line":3,"column":15}},{"start":{"line":3,"column":19},"end":{"line":3,"column":33}}],"line":3},"3":{"loc":{"start":{"line":9,"column":4},"end":{"line":15,"column":5}},"type":"if","locations":[{"start":{"line":9,"column":4},"end":{"line":15,"column":5}},{"start":{"line":13,"column":9},"end":{"line":15,"column":5}}],"line":9}},"s":{"0":1,"1":1,"2":1,"3":1,"4":1,"5":0,"6":0,"7":0,"8":0,"9":0,"10":1,"11":1},"f":{"0":1,"1":0},"b":{"0":[1,1,1],"1":[1,0],"2":[1,1],"3":[0,0]},"inputSourceMap":null,"_coverageSchema":"1a1c01bbd47fc00a2c39e90264f33305004495a9","hash":"7b2458bc2b4d7abe8ef9eb3f88f09c11ea3c14f1"}
,"/home/olivier/workspaces/Projects/Chat-app/server/dist/src/controllers/userControllers.js": {"path":"/home/olivier/workspaces/Projects/Chat-app/server/dist/src/controllers/userControllers.js","statementMap":{"0":{"start":{"line":2,"column":22},"end":{"line":4,"column":1}},"1":{"start":{"line":3,"column":4},"end":{"line":3,"column":62}},"2":{"start":{"line":5,"column":0},"end":{"line":5,"column":62}},"3":{"start":{"line":6,"column":20},"end":{"line":6,"column":76}},"4":{"start":{"line":7,"column":22},"end":{"line":7,"column":53}},"5":{"start":{"line":8,"column":23},"end":{"line":8,"column":58}},"6":{"start":{"line":9,"column":19},"end":{"line":9,"column":47}},"7":{"start":{"line":10,"column":23},"end":{"line":10,"column":65}},"8":{"start":{"line":11,"column":26},"end":{"line":11,"column":81}},"9":{"start":{"line":12,"column":20},"end":{"line":14,"column":1}},"10":{"start":{"line":13,"column":4},"end":{"line":13,"column":69}},"11":{"start":{"line":15,"column":19},"end":{"line":26,"column":1}},"12":{"start":{"line":16,"column":19},"end":{"line":16,"column":36}},"13":{"start":{"line":17,"column":4},"end":{"line":25,"column":5}},"14":{"start":{"line":18,"column":21},"end":{"line":18,"column":75}},"15":{"start":{"line":19,"column":8},"end":{"line":19,"column":33}},"16":{"start":{"line":22,"column":8},"end":{"line":24,"column":9}},"17":{"start":{"line":23,"column":12},"end":{"line":23,"column":32}},"18":{"start":{"line":27,"column":22},"end":{"line":44,"column":1}},"19":{"start":{"line":28,"column":4},"end":{"line":43,"column":5}},"20":{"start":{"line":29,"column":26},"end":{"line":29,"column":121}},"21":{"start":{"line":30,"column":22},"end":{"line":34,"column":10}},"22":{"start":{"line":35,"column":8},"end":{"line":38,"column":11}},"23":{"start":{"line":41,"column":8},"end":{"line":42,"column":72}},"24":{"start":{"line":42,"column":12},"end":{"line":42,"column":72}},"25":{"start":{"line":45,"column":26},"end":{"line":54,"column":1}},"26":{"start":{"line":46,"column":4},"end":{"line":53,"column":5}},"27":{"start":{"line":47,"column":28},"end":{"line":47,"column":134}},"28":{"start":{"line":48,"column":8},"end":{"line":48,"column":53}},"29":{"start":{"line":51,"column":8},"end":{"line":52,"column":32}},"30":{"start":{"line":52,"column":12},"end":{"line":52,"column":32}},"31":{"start":{"line":55,"column":20},"end":{"line":64,"column":1}},"32":{"start":{"line":56,"column":4},"end":{"line":63,"column":5}},"33":{"start":{"line":57,"column":33},"end":{"line":57,"column":130}},"34":{"start":{"line":58,"column":8},"end":{"line":58,"column":58}},"35":{"start":{"line":61,"column":8},"end":{"line":62,"column":32}},"36":{"start":{"line":62,"column":12},"end":{"line":62,"column":32}},"37":{"start":{"line":65,"column":18},"end":{"line":78,"column":1}},"38":{"start":{"line":66,"column":4},"end":{"line":77,"column":5}},"39":{"start":{"line":67,"column":24},"end":{"line":70,"column":10}},"40":{"start":{"line":71,"column":8},"end":{"line":71,"column":36}},"41":{"start":{"line":74,"column":8},"end":{"line":76,"column":9}},"42":{"start":{"line":75,"column":12},"end":{"line":75,"column":32}},"43":{"start":{"line":79,"column":22},"end":{"line":79,"column":45}},"44":{"start":{"line":80,"column":20},"end":{"line":88,"column":1}},"45":{"start":{"line":81,"column":4},"end":{"line":87,"column":5}},"46":{"start":{"line":82,"column":8},"end":{"line":82,"column":59}},"47":{"start":{"line":83,"column":8},"end":{"line":83,"column":64}},"48":{"start":{"line":86,"column":8},"end":{"line":86,"column":27}},"49":{"start":{"line":89,"column":24},"end":{"line":98,"column":1}},"50":{"start":{"line":99,"column":0},"end":{"line":99,"column":34}}},"fnMap":{"0":{"name":"(anonymous_0)","decl":{"start":{"line":2,"column":56},"end":{"line":2,"column":57}},"loc":{"start":{"line":2,"column":71},"end":{"line":4,"column":1}},"line":2},"1":{"name":"(anonymous_1)","decl":{"start":{"line":12,"column":20},"end":{"line":12,"column":21}},"loc":{"start":{"line":12,"column":40},"end":{"line":14,"column":1}},"line":12},"2":{"name":"(anonymous_2)","decl":{"start":{"line":15,"column":19},"end":{"line":15,"column":20}},"loc":{"start":{"line":15,"column":39},"end":{"line":26,"column":1}},"line":15},"3":{"name":"(anonymous_3)","decl":{"start":{"line":27,"column":22},"end":{"line":27,"column":23}},"loc":{"start":{"line":27,"column":42},"end":{"line":44,"column":1}},"line":27},"4":{"name":"(anonymous_4)","decl":{"start":{"line":45,"column":26},"end":{"line":45,"column":27}},"loc":{"start":{"line":45,"column":46},"end":{"line":54,"column":1}},"line":45},"5":{"name":"(anonymous_5)","decl":{"start":{"line":55,"column":20},"end":{"line":55,"column":21}},"loc":{"start":{"line":55,"column":40},"end":{"line":64,"column":1}},"line":55},"6":{"name":"(anonymous_6)","decl":{"start":{"line":65,"column":18},"end":{"line":65,"column":19}},"loc":{"start":{"line":65,"column":38},"end":{"line":78,"column":1}},"line":65},"7":{"name":"(anonymous_7)","decl":{"start":{"line":79,"column":22},"end":{"line":79,"column":23}},"loc":{"start":{"line":79,"column":42},"end":{"line":79,"column":45}},"line":79},"8":{"name":"(anonymous_8)","decl":{"start":{"line":80,"column":20},"end":{"line":80,"column":21}},"loc":{"start":{"line":80,"column":40},"end":{"line":88,"column":1}},"line":80}},"branchMap":{"0":{"loc":{"start":{"line":2,"column":22},"end":{"line":4,"column":1}},"type":"binary-expr","locations":[{"start":{"line":2,"column":23},"end":{"line":2,"column":27}},{"start":{"line":2,"column":31},"end":{"line":2,"column":51}},{"start":{"line":2,"column":56},"end":{"line":4,"column":1}}],"line":2},"1":{"loc":{"start":{"line":3,"column":11},"end":{"line":3,"column":61}},"type":"cond-expr","locations":[{"start":{"line":3,"column":37},"end":{"line":3,"column":40}},{"start":{"line":3,"column":43},"end":{"line":3,"column":61}}],"line":3},"2":{"loc":{"start":{"line":3,"column":12},"end":{"line":3,"column":33}},"type":"binary-expr","locations":[{"start":{"line":3,"column":12},"end":{"line":3,"column":15}},{"start":{"line":3,"column":19},"end":{"line":3,"column":33}}],"line":3},"3":{"loc":{"start":{"line":22,"column":8},"end":{"line":24,"column":9}},"type":"if","locations":[{"start":{"line":22,"column":8},"end":{"line":24,"column":9}},{"start":{},"end":{}}],"line":22},"4":{"loc":{"start":{"line":41,"column":8},"end":{"line":42,"column":72}},"type":"if","locations":[{"start":{"line":41,"column":8},"end":{"line":42,"column":72}},{"start":{},"end":{}}],"line":41},"5":{"loc":{"start":{"line":51,"column":8},"end":{"line":52,"column":32}},"type":"if","locations":[{"start":{"line":51,"column":8},"end":{"line":52,"column":32}},{"start":{},"end":{}}],"line":51},"6":{"loc":{"start":{"line":61,"column":8},"end":{"line":62,"column":32}},"type":"if","locations":[{"start":{"line":61,"column":8},"end":{"line":62,"column":32}},{"start":{},"end":{}}],"line":61},"7":{"loc":{"start":{"line":74,"column":8},"end":{"line":76,"column":9}},"type":"if","locations":[{"start":{"line":74,"column":8},"end":{"line":76,"column":9}},{"start":{},"end":{}}],"line":74}},"s":{"0":1,"1":2,"2":1,"3":1,"4":1,"5":1,"6":1,"7":1,"8":1,"9":1,"10":1,"11":1,"12":3,"13":3,"14":3,"15":1,"16":2,"17":2,"18":1,"19":2,"20":2,"21":1,"22":1,"23":1,"24":1,"25":1,"26":1,"27":1,"28":1,"29":0,"30":0,"31":1,"32":2,"33":2,"34":1,"35":1,"36":1,"37":1,"38":0,"39":0,"40":0,"41":0,"42":0,"43":1,"44":1,"45":0,"46":0,"47":0,"48":0,"49":1,"50":1},"f":{"0":2,"1":1,"2":3,"3":2,"4":1,"5":2,"6":0,"7":0,"8":0},"b":{"0":[1,1,1],"1":[2,0],"2":[2,2],"3":[2,0],"4":[1,0],"5":[0,0],"6":[1,0],"7":[0,0]},"inputSourceMap":null,"_coverageSchema":"1a1c01bbd47fc00a2c39e90264f33305004495a9","hash":"46f0e35362c78e2b77a3877ae8d4c80e0ba90587"}
,"/home/olivier/workspaces/Projects/Chat-app/server/dist/src/database/models/MessageModel.js": {"path":"/home/olivier/workspaces/Projects/Chat-app/server/dist/src/database/models/MessageModel.js","statementMap":{"0":{"start":{"line":2,"column":0},"end":{"line":2,"column":62}},"1":{"start":{"line":3,"column":19},"end":{"line":3,"column":38}},"2":{"start":{"line":4,"column":22},"end":{"line":16,"column":2}},"3":{"start":{"line":17,"column":21},"end":{"line":17,"column":68}},"4":{"start":{"line":18,"column":0},"end":{"line":18,"column":31}}},"fnMap":{},"branchMap":{},"s":{"0":1,"1":1,"2":1,"3":1,"4":1},"f":{},"b":{},"inputSourceMap":null,"_coverageSchema":"1a1c01bbd47fc00a2c39e90264f33305004495a9","hash":"384e08af3f3b63c25515e801a3c51171151127e7"}
,"/home/olivier/workspaces/Projects/Chat-app/server/dist/src/database/models/RequestModel.js": {"path":"/home/olivier/workspaces/Projects/Chat-app/server/dist/src/database/models/RequestModel.js","statementMap":{"0":{"start":{"line":2,"column":0},"end":{"line":2,"column":62}},"1":{"start":{"line":3,"column":19},"end":{"line":3,"column":38}},"2":{"start":{"line":4,"column":22},"end":{"line":7,"column":2}},"3":{"start":{"line":8,"column":21},"end":{"line":8,"column":68}},"4":{"start":{"line":9,"column":0},"end":{"line":9,"column":31}}},"fnMap":{},"branchMap":{},"s":{"0":1,"1":1,"2":1,"3":1,"4":1},"f":{},"b":{},"inputSourceMap":null,"_coverageSchema":"1a1c01bbd47fc00a2c39e90264f33305004495a9","hash":"53bdadf71040dd229c506a1d80a541f098a3bf2b"}
,"/home/olivier/workspaces/Projects/Chat-app/server/dist/src/database/models/UserModel.js": {"path":"/home/olivier/workspaces/Projects/Chat-app/server/dist/src/database/models/UserModel.js","statementMap":{"0":{"start":{"line":2,"column":22},"end":{"line":4,"column":1}},"1":{"start":{"line":3,"column":4},"end":{"line":3,"column":62}},"2":{"start":{"line":5,"column":0},"end":{"line":5,"column":62}},"3":{"start":{"line":6,"column":19},"end":{"line":6,"column":38}},"4":{"start":{"line":7,"column":17},"end":{"line":7,"column":51}},"5":{"start":{"line":8,"column":19},"end":{"line":17,"column":2}},"6":{"start":{"line":18,"column":0},"end":{"line":24,"column":3}},"7":{"start":{"line":19,"column":17},"end":{"line":19,"column":21}},"8":{"start":{"line":20,"column":4},"end":{"line":22,"column":5}},"9":{"start":{"line":21,"column":8},"end":{"line":21,"column":70}},"10":{"start":{"line":23,"column":4},"end":{"line":23,"column":11}},"11":{"start":{"line":25,"column":0},"end":{"line":27,"column":2}},"12":{"start":{"line":26,"column":4},"end":{"line":26,"column":48}},"13":{"start":{"line":28,"column":18},"end":{"line":28,"column":59}},"14":{"start":{"line":29,"column":0},"end":{"line":29,"column":28}}},"fnMap":{"0":{"name":"(anonymous_0)","decl":{"start":{"line":2,"column":56},"end":{"line":2,"column":57}},"loc":{"start":{"line":2,"column":71},"end":{"line":4,"column":1}},"line":2},"1":{"name":"(anonymous_1)","decl":{"start":{"line":18,"column":23},"end":{"line":18,"column":24}},"loc":{"start":{"line":18,"column":45},"end":{"line":24,"column":1}},"line":18},"2":{"name":"(anonymous_2)","decl":{"start":{"line":25,"column":33},"end":{"line":25,"column":34}},"loc":{"start":{"line":25,"column":45},"end":{"line":27,"column":1}},"line":25}},"branchMap":{"0":{"loc":{"start":{"line":2,"column":22},"end":{"line":4,"column":1}},"type":"binary-expr","locations":[{"start":{"line":2,"column":23},"end":{"line":2,"column":27}},{"start":{"line":2,"column":31},"end":{"line":2,"column":51}},{"start":{"line":2,"column":56},"end":{"line":4,"column":1}}],"line":2},"1":{"loc":{"start":{"line":3,"column":11},"end":{"line":3,"column":61}},"type":"cond-expr","locations":[{"start":{"line":3,"column":37},"end":{"line":3,"column":40}},{"start":{"line":3,"column":43},"end":{"line":3,"column":61}}],"line":3},"2":{"loc":{"start":{"line":3,"column":12},"end":{"line":3,"column":33}},"type":"binary-expr","locations":[{"start":{"line":3,"column":12},"end":{"line":3,"column":15}},{"start":{"line":3,"column":19},"end":{"line":3,"column":33}}],"line":3},"3":{"loc":{"start":{"line":20,"column":4},"end":{"line":22,"column":5}},"type":"if","locations":[{"start":{"line":20,"column":4},"end":{"line":22,"column":5}},{"start":{},"end":{}}],"line":20}},"s":{"0":1,"1":1,"2":1,"3":1,"4":1,"5":1,"6":1,"7":1,"8":1,"9":1,"10":1,"11":1,"12":0,"13":1,"14":1},"f":{"0":1,"1":1,"2":0},"b":{"0":[1,1,1],"1":[0,1],"2":[1,1],"3":[1,0]},"inputSourceMap":null,"_coverageSchema":"1a1c01bbd47fc00a2c39e90264f33305004495a9","hash":"83bed78c929bcd2dba8bd9ccb1dffad417a14864"}
,"/home/olivier/workspaces/Projects/Chat-app/server/dist/src/middlewares/authenticate.js": {"path":"/home/olivier/workspaces/Projects/Chat-app/server/dist/src/middlewares/authenticate.js","statementMap":{"0":{"start":{"line":2,"column":22},"end":{"line":4,"column":1}},"1":{"start":{"line":3,"column":4},"end":{"line":3,"column":62}},"2":{"start":{"line":5,"column":0},"end":{"line":5,"column":62}},"3":{"start":{"line":6,"column":0},"end":{"line":6,"column":30}},"4":{"start":{"line":7,"column":23},"end":{"line":7,"column":63}},"5":{"start":{"line":8,"column":21},"end":{"line":30,"column":1}},"6":{"start":{"line":9,"column":4},"end":{"line":29,"column":5}},"7":{"start":{"line":10,"column":22},"end":{"line":10,"column":76}},"8":{"start":{"line":11,"column":8},"end":{"line":22,"column":11}},"9":{"start":{"line":12,"column":12},"end":{"line":21,"column":13}},"10":{"start":{"line":13,"column":16},"end":{"line":17,"column":19}},"11":{"start":{"line":20,"column":16},"end":{"line":20,"column":23}},"12":{"start":{"line":25,"column":8},"end":{"line":28,"column":11}},"13":{"start":{"line":31,"column":0},"end":{"line":31,"column":36}}},"fnMap":{"0":{"name":"(anonymous_0)","decl":{"start":{"line":2,"column":56},"end":{"line":2,"column":57}},"loc":{"start":{"line":2,"column":71},"end":{"line":4,"column":1}},"line":2},"1":{"name":"(anonymous_1)","decl":{"start":{"line":8,"column":21},"end":{"line":8,"column":22}},"loc":{"start":{"line":8,"column":41},"end":{"line":30,"column":1}},"line":8},"2":{"name":"(anonymous_2)","decl":{"start":{"line":11,"column":69},"end":{"line":11,"column":70}},"loc":{"start":{"line":11,"column":87},"end":{"line":22,"column":9}},"line":11}},"branchMap":{"0":{"loc":{"start":{"line":2,"column":22},"end":{"line":4,"column":1}},"type":"binary-expr","locations":[{"start":{"line":2,"column":23},"end":{"line":2,"column":27}},{"start":{"line":2,"column":31},"end":{"line":2,"column":51}},{"start":{"line":2,"column":56},"end":{"line":4,"column":1}}],"line":2},"1":{"loc":{"start":{"line":3,"column":11},"end":{"line":3,"column":61}},"type":"cond-expr","locations":[{"start":{"line":3,"column":37},"end":{"line":3,"column":40}},{"start":{"line":3,"column":43},"end":{"line":3,"column":61}}],"line":3},"2":{"loc":{"start":{"line":3,"column":12},"end":{"line":3,"column":33}},"type":"binary-expr","locations":[{"start":{"line":3,"column":12},"end":{"line":3,"column":15}},{"start":{"line":3,"column":19},"end":{"line":3,"column":33}}],"line":3},"3":{"loc":{"start":{"line":9,"column":4},"end":{"line":29,"column":5}},"type":"if","locations":[{"start":{"line":9,"column":4},"end":{"line":29,"column":5}},{"start":{"line":24,"column":9},"end":{"line":29,"column":5}}],"line":9},"4":{"loc":{"start":{"line":12,"column":12},"end":{"line":21,"column":13}},"type":"if","locations":[{"start":{"line":12,"column":12},"end":{"line":21,"column":13}},{"start":{"line":19,"column":17},"end":{"line":21,"column":13}}],"line":12}},"s":{"0":1,"1":1,"2":1,"3":1,"4":1,"5":1,"6":5,"7":4,"8":4,"9":4,"10":1,"11":3,"12":1,"13":1},"f":{"0":1,"1":5,"2":4},"b":{"0":[1,1,1],"1":[0,1],"2":[1,1],"3":[4,1],"4":[1,3]},"inputSourceMap":null,"_coverageSchema":"1a1c01bbd47fc00a2c39e90264f33305004495a9","hash":"451e0a19ee90cad472e3b405e6b06d9b23f44e34"}
,"/home/olivier/workspaces/Projects/Chat-app/server/dist/src/services/RequestServices.js": {"path":"/home/olivier/workspaces/Projects/Chat-app/server/dist/src/services/RequestServices.js","statementMap":{"0":{"start":{"line":2,"column":22},"end":{"line":4,"column":1}},"1":{"start":{"line":3,"column":4},"end":{"line":3,"column":62}},"2":{"start":{"line":5,"column":0},"end":{"line":5,"column":62}},"3":{"start":{"line":6,"column":23},"end":{"line":6,"column":82}},"4":{"start":{"line":7,"column":20},"end":{"line":7,"column":76}},"5":{"start":{"line":8,"column":19},"end":{"line":8,"column":47}},"6":{"start":{"line":9,"column":15},"end":{"line":25,"column":1}},"7":{"start":{"line":10,"column":24},"end":{"line":10,"column":73}},"8":{"start":{"line":11,"column":19},"end":{"line":11,"column":63}},"9":{"start":{"line":12,"column":4},"end":{"line":18,"column":5}},"10":{"start":{"line":13,"column":8},"end":{"line":17,"column":11}},"11":{"start":{"line":19,"column":20},"end":{"line":22,"column":6}},"12":{"start":{"line":23,"column":25},"end":{"line":23,"column":45}},"13":{"start":{"line":24,"column":4},"end":{"line":24,"column":24}},"14":{"start":{"line":26,"column":15},"end":{"line":44,"column":1}},"15":{"start":{"line":28,"column":29},"end":{"line":28,"column":78}},"16":{"start":{"line":29,"column":24},"end":{"line":29,"column":68}},"17":{"start":{"line":30,"column":4},"end":{"line":36,"column":5}},"18":{"start":{"line":31,"column":8},"end":{"line":35,"column":11}},"19":{"start":{"line":37,"column":4},"end":{"line":37,"column":91}},"20":{"start":{"line":38,"column":4},"end":{"line":38,"column":91}},"21":{"start":{"line":39,"column":4},"end":{"line":39,"column":63}},"22":{"start":{"line":40,"column":4},"end":{"line":43,"column":6}},"23":{"start":{"line":45,"column":24},"end":{"line":45,"column":42}},"24":{"start":{"line":46,"column":0},"end":{"line":46,"column":34}}},"fnMap":{"0":{"name":"(anonymous_0)","decl":{"start":{"line":2,"column":56},"end":{"line":2,"column":57}},"loc":{"start":{"line":2,"column":71},"end":{"line":4,"column":1}},"line":2},"1":{"name":"(anonymous_1)","decl":{"start":{"line":9,"column":15},"end":{"line":9,"column":16}},"loc":{"start":{"line":9,"column":54},"end":{"line":25,"column":1}},"line":9},"2":{"name":"(anonymous_2)","decl":{"start":{"line":26,"column":15},"end":{"line":26,"column":16}},"loc":{"start":{"line":26,"column":66},"end":{"line":44,"column":1}},"line":26}},"branchMap":{"0":{"loc":{"start":{"line":2,"column":22},"end":{"line":4,"column":1}},"type":"binary-expr","locations":[{"start":{"line":2,"column":23},"end":{"line":2,"column":27}},{"start":{"line":2,"column":31},"end":{"line":2,"column":51}},{"start":{"line":2,"column":56},"end":{"line":4,"column":1}}],"line":2},"1":{"loc":{"start":{"line":3,"column":11},"end":{"line":3,"column":61}},"type":"cond-expr","locations":[{"start":{"line":3,"column":37},"end":{"line":3,"column":40}},{"start":{"line":3,"column":43},"end":{"line":3,"column":61}}],"line":3},"2":{"loc":{"start":{"line":3,"column":12},"end":{"line":3,"column":33}},"type":"binary-expr","locations":[{"start":{"line":3,"column":12},"end":{"line":3,"column":15}},{"start":{"line":3,"column":19},"end":{"line":3,"column":33}}],"line":3},"3":{"loc":{"start":{"line":12,"column":4},"end":{"line":18,"column":5}},"type":"if","locations":[{"start":{"line":12,"column":4},"end":{"line":18,"column":5}},{"start":{},"end":{}}],"line":12},"4":{"loc":{"start":{"line":12,"column":8},"end":{"line":12,"column":31}},"type":"binary-expr","locations":[{"start":{"line":12,"column":8},"end":{"line":12,"column":20}},{"start":{"line":12,"column":24},"end":{"line":12,"column":31}}],"line":12},"5":{"loc":{"start":{"line":30,"column":4},"end":{"line":36,"column":5}},"type":"if","locations":[{"start":{"line":30,"column":4},"end":{"line":36,"column":5}},{"start":{},"end":{}}],"line":30},"6":{"loc":{"start":{"line":30,"column":8},"end":{"line":30,"column":41}},"type":"binary-expr","locations":[{"start":{"line":30,"column":8},"end":{"line":30,"column":25}},{"start":{"line":30,"column":29},"end":{"line":30,"column":41}}],"line":30},"7":{"loc":{"start":{"line":37,"column":4},"end":{"line":37,"column":90}},"type":"cond-expr","locations":[{"start":{"line":37,"column":64},"end":{"line":37,"column":70}},{"start":{"line":37,"column":73},"end":{"line":37,"column":90}}],"line":37},"8":{"loc":{"start":{"line":37,"column":4},"end":{"line":37,"column":61}},"type":"binary-expr","locations":[{"start":{"line":37,"column":4},"end":{"line":37,"column":44}},{"start":{"line":37,"column":48},"end":{"line":37,"column":61}}],"line":37},"9":{"loc":{"start":{"line":38,"column":4},"end":{"line":38,"column":90}},"type":"cond-expr","locations":[{"start":{"line":38,"column":59},"end":{"line":38,"column":65}},{"start":{"line":38,"column":68},"end":{"line":38,"column":90}}],"line":38},"10":{"loc":{"start":{"line":38,"column":4},"end":{"line":38,"column":56}},"type":"binary-expr","locations":[{"start":{"line":38,"column":4},"end":{"line":38,"column":39}},{"start":{"line":38,"column":43},"end":{"line":38,"column":56}}],"line":38}},"s":{"0":1,"1":2,"2":1,"3":1,"4":1,"5":1,"6":1,"7":0,"8":0,"9":0,"10":0,"11":0,"12":0,"13":0,"14":1,"15":0,"16":0,"17":0,"18":0,"19":0,"20":0,"21":0,"22":0,"23":1,"24":1},"f":{"0":2,"1":0,"2":0},"b":{"0":[1,1,1],"1":[2,0],"2":[2,2],"3":[0,0],"4":[0,0],"5":[0,0],"6":[0,0],"7":[0,0],"8":[0,0],"9":[0,0],"10":[0,0]},"inputSourceMap":null,"_coverageSchema":"1a1c01bbd47fc00a2c39e90264f33305004495a9","hash":"9e0cc2963bfcc77ac751d04dd084ce695ac8623e"}
,"/home/olivier/workspaces/Projects/Chat-app/server/dist/src/services/messageServices.js": {"path":"/home/olivier/workspaces/Projects/Chat-app/server/dist/src/services/messageServices.js","statementMap":{"0":{"start":{"line":2,"column":22},"end":{"line":4,"column":1}},"1":{"start":{"line":3,"column":4},"end":{"line":3,"column":62}},"2":{"start":{"line":5,"column":0},"end":{"line":5,"column":62}},"3":{"start":{"line":6,"column":23},"end":{"line":6,"column":82}},"4":{"start":{"line":7,"column":29},"end":{"line":14,"column":1}},"5":{"start":{"line":8,"column":21},"end":{"line":8,"column":58}},"6":{"start":{"line":9,"column":21},"end":{"line":9,"column":101}},"7":{"start":{"line":9,"column":50},"end":{"line":9,"column":100}},"8":{"start":{"line":9,"column":86},"end":{"line":9,"column":99}},"9":{"start":{"line":10,"column":4},"end":{"line":13,"column":8}},"10":{"start":{"line":10,"column":38},"end":{"line":13,"column":5}},"11":{"start":{"line":15,"column":18},"end":{"line":32,"column":1}},"12":{"start":{"line":16,"column":4},"end":{"line":31,"column":5}},"13":{"start":{"line":17,"column":8},"end":{"line":27,"column":9}},"14":{"start":{"line":18,"column":28},"end":{"line":22,"column":14}},"15":{"start":{"line":23,"column":12},"end":{"line":23,"column":40}},"16":{"start":{"line":26,"column":12},"end":{"line":26,"column":31}},"17":{"start":{"line":30,"column":8},"end":{"line":30,"column":51}},"18":{"start":{"line":33,"column":24},"end":{"line":33,"column":59}},"19":{"start":{"line":34,"column":0},"end":{"line":34,"column":34}}},"fnMap":{"0":{"name":"(anonymous_0)","decl":{"start":{"line":2,"column":56},"end":{"line":2,"column":57}},"loc":{"start":{"line":2,"column":71},"end":{"line":4,"column":1}},"line":2},"1":{"name":"(anonymous_1)","decl":{"start":{"line":7,"column":29},"end":{"line":7,"column":30}},"loc":{"start":{"line":7,"column":47},"end":{"line":14,"column":1}},"line":7},"2":{"name":"(anonymous_2)","decl":{"start":{"line":9,"column":37},"end":{"line":9,"column":38}},"loc":{"start":{"line":9,"column":50},"end":{"line":9,"column":100}},"line":9},"3":{"name":"(anonymous_3)","decl":{"start":{"line":9,"column":78},"end":{"line":9,"column":79}},"loc":{"start":{"line":9,"column":86},"end":{"line":9,"column":99}},"line":9},"4":{"name":"(anonymous_4)","decl":{"start":{"line":10,"column":24},"end":{"line":10,"column":25}},"loc":{"start":{"line":10,"column":38},"end":{"line":13,"column":5}},"line":10},"5":{"name":"(anonymous_5)","decl":{"start":{"line":15,"column":18},"end":{"line":15,"column":19}},"loc":{"start":{"line":15,"column":37},"end":{"line":32,"column":1}},"line":15}},"branchMap":{"0":{"loc":{"start":{"line":2,"column":22},"end":{"line":4,"column":1}},"type":"binary-expr","locations":[{"start":{"line":2,"column":23},"end":{"line":2,"column":27}},{"start":{"line":2,"column":31},"end":{"line":2,"column":51}},{"start":{"line":2,"column":56},"end":{"line":4,"column":1}}],"line":2},"1":{"loc":{"start":{"line":3,"column":11},"end":{"line":3,"column":61}},"type":"cond-expr","locations":[{"start":{"line":3,"column":37},"end":{"line":3,"column":40}},{"start":{"line":3,"column":43},"end":{"line":3,"column":61}}],"line":3},"2":{"loc":{"start":{"line":3,"column":12},"end":{"line":3,"column":33}},"type":"binary-expr","locations":[{"start":{"line":3,"column":12},"end":{"line":3,"column":15}},{"start":{"line":3,"column":19},"end":{"line":3,"column":33}}],"line":3},"3":{"loc":{"start":{"line":16,"column":4},"end":{"line":31,"column":5}},"type":"if","locations":[{"start":{"line":16,"column":4},"end":{"line":31,"column":5}},{"start":{"line":29,"column":9},"end":{"line":31,"column":5}}],"line":16}},"s":{"0":1,"1":1,"2":1,"3":1,"4":1,"5":0,"6":0,"7":0,"8":0,"9":0,"10":0,"11":1,"12":0,"13":0,"14":0,"15":0,"16":0,"17":0,"18":1,"19":1},"f":{"0":1,"1":0,"2":0,"3":0,"4":0,"5":0},"b":{"0":[1,1,1],"1":[1,0],"2":[1,1],"3":[0,0]},"inputSourceMap":null,"_coverageSchema":"1a1c01bbd47fc00a2c39e90264f33305004495a9","hash":"b287f83928c4351850b7eaf5df1880eb69f92d83"}
,"/home/olivier/workspaces/Projects/Chat-app/server/dist/src/services/userServices.js": {"path":"/home/olivier/workspaces/Projects/Chat-app/server/dist/src/services/userServices.js","statementMap":{"0":{"start":{"line":2,"column":22},"end":{"line":4,"column":1}},"1":{"start":{"line":3,"column":4},"end":{"line":3,"column":62}},"2":{"start":{"line":5,"column":0},"end":{"line":5,"column":62}},"3":{"start":{"line":6,"column":0},"end":{"line":6,"column":30}},"4":{"start":{"line":7,"column":19},"end":{"line":7,"column":38}},"5":{"start":{"line":8,"column":23},"end":{"line":8,"column":82}},"6":{"start":{"line":9,"column":20},"end":{"line":9,"column":76}},"7":{"start":{"line":10,"column":19},"end":{"line":10,"column":47}},"8":{"start":{"line":11,"column":17},"end":{"line":24,"column":1}},"9":{"start":{"line":12,"column":22},"end":{"line":14,"column":6}},"10":{"start":{"line":15,"column":4},"end":{"line":21,"column":5}},"11":{"start":{"line":16,"column":8},"end":{"line":20,"column":11}},"12":{"start":{"line":22,"column":17},"end":{"line":22,"column":50}},"13":{"start":{"line":23,"column":4},"end":{"line":23,"column":29}},"14":{"start":{"line":25,"column":21},"end":{"line":44,"column":1}},"15":{"start":{"line":26,"column":4},"end":{"line":43,"column":5}},"16":{"start":{"line":27,"column":26},"end":{"line":27,"column":68}},"17":{"start":{"line":28,"column":8},"end":{"line":34,"column":9}},"18":{"start":{"line":29,"column":12},"end":{"line":33,"column":15}},"19":{"start":{"line":35,"column":8},"end":{"line":35,"column":25}},"20":{"start":{"line":38,"column":8},"end":{"line":42,"column":11}},"21":{"start":{"line":45,"column":34},"end":{"line":59,"column":1}},"22":{"start":{"line":46,"column":20},"end":{"line":46,"column":58}},"23":{"start":{"line":47,"column":24},"end":{"line":50,"column":15}},"24":{"start":{"line":51,"column":4},"end":{"line":57,"column":5}},"25":{"start":{"line":52,"column":8},"end":{"line":56,"column":11}},"26":{"start":{"line":58,"column":4},"end":{"line":58,"column":23}},"27":{"start":{"line":60,"column":20},"end":{"line":82,"column":1}},"28":{"start":{"line":61,"column":20},"end":{"line":61,"column":58}},"29":{"start":{"line":62,"column":4},"end":{"line":81,"column":5}},"30":{"start":{"line":63,"column":33},"end":{"line":65,"column":19}},"31":{"start":{"line":66,"column":8},"end":{"line":72,"column":9}},"32":{"start":{"line":67,"column":12},"end":{"line":71,"column":15}},"33":{"start":{"line":73,"column":8},"end":{"line":73,"column":32}},"34":{"start":{"line":76,"column":8},"end":{"line":80,"column":11}},"35":{"start":{"line":83,"column":17},"end":{"line":107,"column":1}},"36":{"start":{"line":84,"column":17},"end":{"line":84,"column":59}},"37":{"start":{"line":85,"column":19},"end":{"line":85,"column":63}},"38":{"start":{"line":86,"column":4},"end":{"line":92,"column":5}},"39":{"start":{"line":87,"column":8},"end":{"line":91,"column":11}},"40":{"start":{"line":93,"column":4},"end":{"line":106,"column":5}},"41":{"start":{"line":94,"column":24},"end":{"line":97,"column":10}},"42":{"start":{"line":98,"column":29},"end":{"line":98,"column":49}},"43":{"start":{"line":99,"column":8},"end":{"line":99,"column":28}},"44":{"start":{"line":101,"column":9},"end":{"line":106,"column":5}},"45":{"start":{"line":102,"column":31},"end":{"line":102,"column":89}},"46":{"start":{"line":103,"column":8},"end":{"line":103,"column":30}},"47":{"start":{"line":108,"column":23},"end":{"line":110,"column":1}},"48":{"start":{"line":109,"column":4},"end":{"line":109,"column":45}},"49":{"start":{"line":111,"column":0},"end":{"line":118,"column":2}}},"fnMap":{"0":{"name":"(anonymous_0)","decl":{"start":{"line":2,"column":56},"end":{"line":2,"column":57}},"loc":{"start":{"line":2,"column":71},"end":{"line":4,"column":1}},"line":2},"1":{"name":"(anonymous_1)","decl":{"start":{"line":11,"column":17},"end":{"line":11,"column":18}},"loc":{"start":{"line":11,"column":37},"end":{"line":24,"column":1}},"line":11},"2":{"name":"(anonymous_2)","decl":{"start":{"line":25,"column":21},"end":{"line":25,"column":22}},"loc":{"start":{"line":25,"column":39},"end":{"line":44,"column":1}},"line":25},"3":{"name":"(anonymous_3)","decl":{"start":{"line":45,"column":34},"end":{"line":45,"column":35}},"loc":{"start":{"line":45,"column":52},"end":{"line":59,"column":1}},"line":45},"4":{"name":"(anonymous_4)","decl":{"start":{"line":60,"column":20},"end":{"line":60,"column":21}},"loc":{"start":{"line":60,"column":50},"end":{"line":82,"column":1}},"line":60},"5":{"name":"(anonymous_5)","decl":{"start":{"line":83,"column":17},"end":{"line":83,"column":18}},"loc":{"start":{"line":83,"column":67},"end":{"line":107,"column":1}},"line":83},"6":{"name":"(anonymous_6)","decl":{"start":{"line":108,"column":23},"end":{"line":108,"column":24}},"loc":{"start":{"line":108,"column":35},"end":{"line":110,"column":1}},"line":108}},"branchMap":{"0":{"loc":{"start":{"line":2,"column":22},"end":{"line":4,"column":1}},"type":"binary-expr","locations":[{"start":{"line":2,"column":23},"end":{"line":2,"column":27}},{"start":{"line":2,"column":31},"end":{"line":2,"column":51}},{"start":{"line":2,"column":56},"end":{"line":4,"column":1}}],"line":2},"1":{"loc":{"start":{"line":3,"column":11},"end":{"line":3,"column":61}},"type":"cond-expr","locations":[{"start":{"line":3,"column":37},"end":{"line":3,"column":40}},{"start":{"line":3,"column":43},"end":{"line":3,"column":61}}],"line":3},"2":{"loc":{"start":{"line":3,"column":12},"end":{"line":3,"column":33}},"type":"binary-expr","locations":[{"start":{"line":3,"column":12},"end":{"line":3,"column":15}},{"start":{"line":3,"column":19},"end":{"line":3,"column":33}}],"line":3},"3":{"loc":{"start":{"line":15,"column":4},"end":{"line":21,"column":5}},"type":"if","locations":[{"start":{"line":15,"column":4},"end":{"line":21,"column":5}},{"start":{},"end":{}}],"line":15},"4":{"loc":{"start":{"line":26,"column":4},"end":{"line":43,"column":5}},"type":"if","locations":[{"start":{"line":26,"column":4},"end":{"line":43,"column":5}},{"start":{"line":37,"column":9},"end":{"line":43,"column":5}}],"line":26},"5":{"loc":{"start":{"line":28,"column":8},"end":{"line":34,"column":9}},"type":"if","locations":[{"start":{"line":28,"column":8},"end":{"line":34,"column":9}},{"start":{},"end":{}}],"line":28},"6":{"loc":{"start":{"line":51,"column":4},"end":{"line":57,"column":5}},"type":"if","locations":[{"start":{"line":51,"column":4},"end":{"line":57,"column":5}},{"start":{},"end":{}}],"line":51},"7":{"loc":{"start":{"line":62,"column":4},"end":{"line":81,"column":5}},"type":"if","locations":[{"start":{"line":62,"column":4},"end":{"line":81,"column":5}},{"start":{"line":75,"column":9},"end":{"line":81,"column":5}}],"line":62},"8":{"loc":{"start":{"line":66,"column":8},"end":{"line":72,"column":9}},"type":"if","locations":[{"start":{"line":66,"column":8},"end":{"line":72,"column":9}},{"start":{},"end":{}}],"line":66},"9":{"loc":{"start":{"line":86,"column":4},"end":{"line":92,"column":5}},"type":"if","locations":[{"start":{"line":86,"column":4},"end":{"line":92,"column":5}},{"start":{},"end":{}}],"line":86},"10":{"loc":{"start":{"line":86,"column":8},"end":{"line":86,"column":24}},"type":"binary-expr","locations":[{"start":{"line":86,"column":8},"end":{"line":86,"column":13}},{"start":{"line":86,"column":17},"end":{"line":86,"column":24}}],"line":86},"11":{"loc":{"start":{"line":93,"column":4},"end":{"line":106,"column":5}},"type":"if","locations":[{"start":{"line":93,"column":4},"end":{"line":106,"column":5}},{"start":{"line":101,"column":9},"end":{"line":106,"column":5}}],"line":93},"12":{"loc":{"start":{"line":101,"column":9},"end":{"line":106,"column":5}},"type":"if","locations":[{"start":{"line":101,"column":9},"end":{"line":106,"column":5}},{"start":{"line":105,"column":9},"end":{"line":106,"column":5}}],"line":101}},"s":{"0":1,"1":2,"2":1,"3":1,"4":1,"5":1,"6":1,"7":1,"8":1,"9":2,"10":2,"11":1,"12":1,"13":1,"14":1,"15":3,"16":2,"17":2,"18":1,"19":1,"20":1,"21":1,"22":1,"23":1,"24":1,"25":0,"26":1,"27":1,"28":2,"29":2,"30":1,"31":1,"32":0,"33":1,"34":1,"35":1,"36":0,"37":0,"38":0,"39":0,"40":0,"41":0,"42":0,"43":0,"44":0,"45":0,"46":0,"47":1,"48":0,"49":1},"f":{"0":2,"1":2,"2":3,"3":1,"4":2,"5":0,"6":0},"b":{"0":[1,1,1],"1":[2,0],"2":[2,2],"3":[1,1],"4":[2,1],"5":[1,1],"6":[0,1],"7":[1,1],"8":[0,1],"9":[0,0],"10":[0,0],"11":[0,0],"12":[0,0]},"inputSourceMap":null,"_coverageSchema":"1a1c01bbd47fc00a2c39e90264f33305004495a9","hash":"f7b90e09c33ffb1e5c015270046126832c881ec4"}
,"/home/olivier/workspaces/Projects/Chat-app/server/dist/src/utils/appError.js": {"path":"/home/olivier/workspaces/Projects/Chat-app/server/dist/src/utils/appError.js","statementMap":{"0":{"start":{"line":2,"column":0},"end":{"line":2,"column":62}},"1":{"start":{"line":3,"column":0},"end":{"line":3,"column":26}},"2":{"start":{"line":6,"column":8},"end":{"line":6,"column":23}},"3":{"start":{"line":7,"column":8},"end":{"line":7,"column":25}},"4":{"start":{"line":8,"column":8},"end":{"line":8,"column":29}},"5":{"start":{"line":11,"column":8},"end":{"line":17,"column":11}},"6":{"start":{"line":20,"column":0},"end":{"line":20,"column":28}}},"fnMap":{"0":{"name":"(anonymous_0)","decl":{"start":{"line":5,"column":4},"end":{"line":5,"column":5}},"loc":{"start":{"line":5,"column":43},"end":{"line":9,"column":5}},"line":5},"1":{"name":"(anonymous_1)","decl":{"start":{"line":10,"column":4},"end":{"line":10,"column":5}},"loc":{"start":{"line":10,"column":18},"end":{"line":18,"column":5}},"line":10}},"branchMap":{},"s":{"0":1,"1":1,"2":4,"3":4,"4":4,"5":3,"6":1},"f":{"0":4,"1":3},"b":{},"inputSourceMap":null,"_coverageSchema":"1a1c01bbd47fc00a2c39e90264f33305004495a9","hash":"df65de95c33687a29d708a1fc23da136b5998fc8"}
,"/home/olivier/workspaces/Projects/Chat-app/server/dist/src/utils/createToken.js": {"path":"/home/olivier/workspaces/Projects/Chat-app/server/dist/src/utils/createToken.js","statementMap":{"0":{"start":{"line":2,"column":0},"end":{"line":2,"column":62}},"1":{"start":{"line":3,"column":0},"end":{"line":3,"column":29}},"2":{"start":{"line":4,"column":23},"end":{"line":4,"column":46}},"3":{"start":{"line":5,"column":20},"end":{"line":8,"column":1}},"4":{"start":{"line":6,"column":18},"end":{"line":6,"column":91}},"5":{"start":{"line":7,"column":4},"end":{"line":7,"column":17}},"6":{"start":{"line":9,"column":0},"end":{"line":9,"column":34}}},"fnMap":{"0":{"name":"(anonymous_0)","decl":{"start":{"line":5,"column":20},"end":{"line":5,"column":21}},"loc":{"start":{"line":5,"column":33},"end":{"line":8,"column":1}},"line":5}},"branchMap":{},"s":{"0":1,"1":1,"2":1,"3":1,"4":2,"5":2,"6":1},"f":{"0":2},"b":{},"inputSourceMap":null,"_coverageSchema":"1a1c01bbd47fc00a2c39e90264f33305004495a9","hash":"cbbc0db62b988a89927a5ab1d6dcf66da91898dc"}
,"/home/olivier/workspaces/Projects/Chat-app/server/dist/src/v1/routes/authRoutes.js": {"path":"/home/olivier/workspaces/Projects/Chat-app/server/dist/src/v1/routes/authRoutes.js","statementMap":{"0":{"start":{"line":2,"column":22},"end":{"line":4,"column":1}},"1":{"start":{"line":3,"column":4},"end":{"line":3,"column":62}},"2":{"start":{"line":5,"column":0},"end":{"line":5,"column":62}},"3":{"start":{"line":6,"column":18},"end":{"line":6,"column":53}},"4":{"start":{"line":7,"column":26},"end":{"line":7,"column":70}},"5":{"start":{"line":8,"column":24},"end":{"line":8,"column":66}},"6":{"start":{"line":9,"column":19},"end":{"line":9,"column":45}},"7":{"start":{"line":10,"column":0},"end":{"line":10,"column":138}},"8":{"start":{"line":11,"column":0},"end":{"line":11,"column":29}}},"fnMap":{"0":{"name":"(anonymous_0)","decl":{"start":{"line":2,"column":56},"end":{"line":2,"column":57}},"loc":{"start":{"line":2,"column":71},"end":{"line":4,"column":1}},"line":2}},"branchMap":{"0":{"loc":{"start":{"line":2,"column":22},"end":{"line":4,"column":1}},"type":"binary-expr","locations":[{"start":{"line":2,"column":23},"end":{"line":2,"column":27}},{"start":{"line":2,"column":31},"end":{"line":2,"column":51}},{"start":{"line":2,"column":56},"end":{"line":4,"column":1}}],"line":2},"1":{"loc":{"start":{"line":3,"column":11},"end":{"line":3,"column":61}},"type":"cond-expr","locations":[{"start":{"line":3,"column":37},"end":{"line":3,"column":40}},{"start":{"line":3,"column":43},"end":{"line":3,"column":61}}],"line":3},"2":{"loc":{"start":{"line":3,"column":12},"end":{"line":3,"column":33}},"type":"binary-expr","locations":[{"start":{"line":3,"column":12},"end":{"line":3,"column":15}},{"start":{"line":3,"column":19},"end":{"line":3,"column":33}}],"line":3}},"s":{"0":1,"1":1,"2":1,"3":1,"4":1,"5":1,"6":1,"7":1,"8":1},"f":{"0":1},"b":{"0":[1,1,1],"1":[0,1],"2":[1,1]},"inputSourceMap":null,"_coverageSchema":"1a1c01bbd47fc00a2c39e90264f33305004495a9","hash":"d00ce1cc987c5864a74c6a1a01d0f0f6d5895a66"}
,"/home/olivier/workspaces/Projects/Chat-app/server/dist/src/v1/routes/messageRoutes.js": {"path":"/home/olivier/workspaces/Projects/Chat-app/server/dist/src/v1/routes/messageRoutes.js","statementMap":{"0":{"start":{"line":2,"column":22},"end":{"line":4,"column":1}},"1":{"start":{"line":3,"column":4},"end":{"line":3,"column":62}},"2":{"start":{"line":5,"column":0},"end":{"line":5,"column":62}},"3":{"start":{"line":6,"column":18},"end":{"line":6,"column":53}},"4":{"start":{"line":7,"column":29},"end":{"line":7,"column":93}},"5":{"start":{"line":8,"column":22},"end":{"line":8,"column":48}},"6":{"start":{"line":9,"column":0},"end":{"line":9,"column":68}},"7":{"start":{"line":10,"column":0},"end":{"line":10,"column":32}}},"fnMap":{"0":{"name":"(anonymous_0)","decl":{"start":{"line":2,"column":56},"end":{"line":2,"column":57}},"loc":{"start":{"line":2,"column":71},"end":{"line":4,"column":1}},"line":2}},"branchMap":{"0":{"loc":{"start":{"line":2,"column":22},"end":{"line":4,"column":1}},"type":"binary-expr","locations":[{"start":{"line":2,"column":23},"end":{"line":2,"column":27}},{"start":{"line":2,"column":31},"end":{"line":2,"column":51}},{"start":{"line":2,"column":56},"end":{"line":4,"column":1}}],"line":2},"1":{"loc":{"start":{"line":3,"column":11},"end":{"line":3,"column":61}},"type":"cond-expr","locations":[{"start":{"line":3,"column":37},"end":{"line":3,"column":40}},{"start":{"line":3,"column":43},"end":{"line":3,"column":61}}],"line":3},"2":{"loc":{"start":{"line":3,"column":12},"end":{"line":3,"column":33}},"type":"binary-expr","locations":[{"start":{"line":3,"column":12},"end":{"line":3,"column":15}},{"start":{"line":3,"column":19},"end":{"line":3,"column":33}}],"line":3}},"s":{"0":1,"1":2,"2":1,"3":1,"4":1,"5":1,"6":1,"7":1},"f":{"0":2},"b":{"0":[1,1,1],"1":[1,1],"2":[2,2]},"inputSourceMap":null,"_coverageSchema":"1a1c01bbd47fc00a2c39e90264f33305004495a9","hash":"cacc7ea2c388453aecdd6bf21b75422e16c999d0"}
,"/home/olivier/workspaces/Projects/Chat-app/server/dist/src/v1/routes/userRoutes.js": {"path":"/home/olivier/workspaces/Projects/Chat-app/server/dist/src/v1/routes/userRoutes.js","statementMap":{"0":{"start":{"line":2,"column":22},"end":{"line":4,"column":1}},"1":{"start":{"line":3,"column":4},"end":{"line":3,"column":62}},"2":{"start":{"line":5,"column":0},"end":{"line":5,"column":62}},"3":{"start":{"line":6,"column":18},"end":{"line":6,"column":53}},"4":{"start":{"line":7,"column":26},"end":{"line":7,"column":87}},"5":{"start":{"line":8,"column":31},"end":{"line":8,"column":80}},"6":{"start":{"line":9,"column":23},"end":{"line":9,"column":64}},"7":{"start":{"line":10,"column":19},"end":{"line":10,"column":45}},"8":{"start":{"line":11,"column":0},"end":{"line":11,"column":59}},"9":{"start":{"line":12,"column":0},"end":{"line":12,"column":94}},"10":{"start":{"line":13,"column":0},"end":{"line":13,"column":160}},"11":{"start":{"line":14,"column":0},"end":{"line":42,"column":3}},"12":{"start":{"line":15,"column":4},"end":{"line":41,"column":5}},"13":{"start":{"line":16,"column":8},"end":{"line":16,"column":68}},"14":{"start":{"line":19,"column":8},"end":{"line":40,"column":9}},"15":{"start":{"line":20,"column":12},"end":{"line":28,"column":13}},"16":{"start":{"line":22,"column":20},"end":{"line":22,"column":68}},"17":{"start":{"line":23,"column":20},"end":{"line":23,"column":26}},"18":{"start":{"line":25,"column":20},"end":{"line":25,"column":26}},"19":{"start":{"line":27,"column":20},"end":{"line":27,"column":26}},"20":{"start":{"line":30,"column":13},"end":{"line":40,"column":9}},"21":{"start":{"line":31,"column":12},"end":{"line":39,"column":13}},"22":{"start":{"line":33,"column":20},"end":{"line":33,"column":66}},"23":{"start":{"line":34,"column":20},"end":{"line":34,"column":26}},"24":{"start":{"line":36,"column":20},"end":{"line":36,"column":26}},"25":{"start":{"line":38,"column":20},"end":{"line":38,"column":26}},"26":{"start":{"line":43,"column":0},"end":{"line":43,"column":62}},"27":{"start":{"line":44,"column":0},"end":{"line":44,"column":71}},"28":{"start":{"line":45,"column":0},"end":{"line":45,"column":29}}},"fnMap":{"0":{"name":"(anonymous_0)","decl":{"start":{"line":2,"column":56},"end":{"line":2,"column":57}},"loc":{"start":{"line":2,"column":71},"end":{"line":4,"column":1}},"line":2},"1":{"name":"(anonymous_1)","decl":{"start":{"line":14,"column":27},"end":{"line":14,"column":28}},"loc":{"start":{"line":14,"column":47},"end":{"line":42,"column":1}},"line":14}},"branchMap":{"0":{"loc":{"start":{"line":2,"column":22},"end":{"line":4,"column":1}},"type":"binary-expr","locations":[{"start":{"line":2,"column":23},"end":{"line":2,"column":27}},{"start":{"line":2,"column":31},"end":{"line":2,"column":51}},{"start":{"line":2,"column":56},"end":{"line":4,"column":1}}],"line":2},"1":{"loc":{"start":{"line":3,"column":11},"end":{"line":3,"column":61}},"type":"cond-expr","locations":[{"start":{"line":3,"column":37},"end":{"line":3,"column":40}},{"start":{"line":3,"column":43},"end":{"line":3,"column":61}}],"line":3},"2":{"loc":{"start":{"line":3,"column":12},"end":{"line":3,"column":33}},"type":"binary-expr","locations":[{"start":{"line":3,"column":12},"end":{"line":3,"column":15}},{"start":{"line":3,"column":19},"end":{"line":3,"column":33}}],"line":3},"3":{"loc":{"start":{"line":15,"column":4},"end":{"line":41,"column":5}},"type":"if","locations":[{"start":{"line":15,"column":4},"end":{"line":41,"column":5}},{"start":{"line":18,"column":9},"end":{"line":41,"column":5}}],"line":15},"4":{"loc":{"start":{"line":19,"column":8},"end":{"line":40,"column":9}},"type":"if","locations":[{"start":{"line":19,"column":8},"end":{"line":40,"column":9}},{"start":{"line":30,"column":13},"end":{"line":40,"column":9}}],"line":19},"5":{"loc":{"start":{"line":20,"column":12},"end":{"line":28,"column":13}},"type":"switch","locations":[{"start":{"line":21,"column":16},"end":{"line":23,"column":26}},{"start":{"line":24,"column":16},"end":{"line":25,"column":26}},{"start":{"line":26,"column":16},"end":{"line":27,"column":26}}],"line":20},"6":{"loc":{"start":{"line":30,"column":13},"end":{"line":40,"column":9}},"type":"if","locations":[{"start":{"line":30,"column":13},"end":{"line":40,"column":9}},{"start":{},"end":{}}],"line":30},"7":{"loc":{"start":{"line":31,"column":12},"end":{"line":39,"column":13}},"type":"switch","locations":[{"start":{"line":32,"column":16},"end":{"line":34,"column":26}},{"start":{"line":35,"column":16},"end":{"line":36,"column":26}},{"start":{"line":37,"column":16},"end":{"line":38,"column":26}}],"line":31}},"s":{"0":1,"1":2,"2":1,"3":1,"4":1,"5":1,"6":1,"7":1,"8":1,"9":1,"10":1,"11":1,"12":3,"13":1,"14":2,"15":2,"16":2,"17":2,"18":0,"19":0,"20":0,"21":0,"22":0,"23":0,"24":0,"25":0,"26":1,"27":1,"28":1},"f":{"0":2,"1":3},"b":{"0":[1,1,1],"1":[1,1],"2":[2,2],"3":[1,2],"4":[2,0],"5":[2,0,0],"6":[0,0],"7":[0,0,0]},"inputSourceMap":null,"_coverageSchema":"1a1c01bbd47fc00a2c39e90264f33305004495a9","hash":"c2beac1c8afa0820d2ed3b23d1783b343108a83a"}
,"/home/olivier/workspaces/Projects/Chat-app/server/src/app.ts": {"path":"/home/olivier/workspaces/Projects/Chat-app/server/src/app.ts","statementMap":{"0":{"start":{"line":1,"column":0},"end":{"line":1,"column":30}},"1":{"start":{"line":2,"column":0},"end":{"line":2,"column":46}},"2":{"start":{"line":3,"column":0},"end":{"line":3,"column":48}},"3":{"start":{"line":4,"column":0},"end":{"line":4,"column":54}},"4":{"start":{"line":5,"column":0},"end":{"line":5,"column":48}},"5":{"start":{"line":7,"column":0},"end":{"line":7,"column":23}},"6":{"start":{"line":8,"column":0},"end":{"line":8,"column":41}},"7":{"start":{"line":9,"column":0},"end":{"line":9,"column":43}},"8":{"start":{"line":11,"column":12},"end":{"line":11,"column":21}},"9":{"start":{"line":13,"column":0},"end":{"line":13,"column":15}},"10":{"start":{"line":15,"column":0},"end":{"line":15,"column":24}},"11":{"start":{"line":16,"column":0},"end":{"line":16,"column":48}},"12":{"start":{"line":18,"column":0},"end":{"line":18,"column":37}},"13":{"start":{"line":19,"column":0},"end":{"line":19,"column":43}},"14":{"start":{"line":20,"column":0},"end":{"line":20,"column":36}},"15":{"start":{"line":22,"column":19},"end":{"line":22,"column":36}},"16":{"start":{"line":24,"column":13},"end":{"line":24,"column":41}},"17":{"start":{"line":27,"column":0},"end":{"line":29,"column":3}},"18":{"start":{"line":28,"column":2},"end":{"line":28,"column":19}},"19":{"start":{"line":31,"column":0},"end":{"line":31,"column":26}}},"fnMap":{"0":{"name":"(anonymous_1)","decl":{"start":{"line":27,"column":20},"end":{"line":27,"column":21}},"loc":{"start":{"line":27,"column":26},"end":{"line":29,"column":1}}}},"branchMap":{},"s":{"0":1,"1":1,"2":1,"3":1,"4":1,"5":1,"6":1,"7":1,"8":1,"9":1,"10":1,"11":1,"12":1,"13":1,"14":1,"15":1,"16":1,"17":1,"18":0,"19":1},"f":{"0":0},"b":{}}
,"/home/olivier/workspaces/Projects/Chat-app/server/src/controllers/authControllers.ts": {"path":"/home/olivier/workspaces/Projects/Chat-app/server/src/controllers/authControllers.ts","statementMap":{"0":{"start":{"line":2,"column":0},"end":{"line":2,"column":52}},"1":{"start":{"line":3,"column":0},"end":{"line":3,"column":45}},"2":{"start":{"line":4,"column":0},"end":{"line":4,"column":51}},"3":{"start":{"line":5,"column":0},"end":{"line":5,"column":63}},"4":{"start":{"line":7,"column":14},"end":{"line":28,"column":1}},"5":{"start":{"line":8,"column":2},"end":{"line":27,"column":null}},"6":{"start":{"line":9,"column":17},"end":{"line":9,"column":72}},"7":{"start":{"line":11,"column":18},"end":{"line":15,"column":6}},"8":{"start":{"line":17,"column":4},"end":{"line":20,"column":7}},"9":{"start":{"line":22,"column":4},"end":{"line":26,"column":9}},"10":{"start":{"line":23,"column":6},"end":{"line":26,"column":9}},"11":{"start":{"line":30,"column":13},"end":{"line":30,"column":41}}},"fnMap":{"0":{"name":"(anonymous_1)","decl":{"start":{"line":7,"column":14},"end":{"line":7,"column":19}},"loc":{"start":{"line":7,"column":52},"end":{"line":28,"column":1}}}},"branchMap":{"0":{"loc":{"start":{"line":22,"column":4},"end":{"line":26,"column":9}},"type":"if","locations":[{"start":{"line":22,"column":4},"end":{"line":26,"column":9}}]}},"s":{"0":1,"1":1,"2":1,"3":1,"4":1,"5":1,"6":1,"7":1,"8":1,"9":0,"10":0,"11":1},"f":{"0":1},"b":{"0":[0]}}
,"/home/olivier/workspaces/Projects/Chat-app/server/src/controllers/messageControllers.ts": {"path":"/home/olivier/workspaces/Projects/Chat-app/server/src/controllers/messageControllers.ts","statementMap":{"0":{"start":{"line":3,"column":0},"end":{"line":3,"column":58}},"1":{"start":{"line":5,"column":23},"end":{"line":15,"column":1}},"2":{"start":{"line":6,"column":17},"end":{"line":6,"column":43}},"3":{"start":{"line":8,"column":2},"end":{"line":14,"column":null}},"4":{"start":{"line":9,"column":21},"end":{"line":9,"column":71}},"5":{"start":{"line":11,"column":4},"end":{"line":11,"column":46}},"6":{"start":{"line":13,"column":4},"end":{"line":13,"column":62}},"7":{"start":{"line":33,"column":27},"end":{"line":39,"column":2}},"8":{"start":{"line":41,"column":0},"end":{"line":41,"column":34}}},"fnMap":{"0":{"name":"(anonymous_1)","decl":{"start":{"line":5,"column":23},"end":{"line":5,"column":28}},"loc":{"start":{"line":5,"column":61},"end":{"line":15,"column":1}}}},"branchMap":{"0":{"loc":{"start":{"line":8,"column":2},"end":{"line":14,"column":null}},"type":"if","locations":[{"start":{"line":8,"column":2},"end":{"line":14,"column":null}},{"start":{"line":12,"column":9},"end":{"line":14,"column":null}}]}},"s":{"0":1,"1":1,"2":0,"3":0,"4":0,"5":0,"6":0,"7":1,"8":1},"f":{"0":0},"b":{"0":[0,0]}}
,"/home/olivier/workspaces/Projects/Chat-app/server/src/controllers/userControllers.ts": {"path":"/home/olivier/workspaces/Projects/Chat-app/server/src/controllers/userControllers.ts","statementMap":{"0":{"start":{"line":2,"column":0},"end":{"line":2,"column":64}},"1":{"start":{"line":3,"column":0},"end":{"line":3,"column":51}},"2":{"start":{"line":4,"column":0},"end":{"line":4,"column":56}},"3":{"start":{"line":5,"column":0},"end":{"line":5,"column":45}},"4":{"start":{"line":6,"column":0},"end":{"line":6,"column":63}},"5":{"start":{"line":8,"column":0},"end":{"line":8,"column":58}},"6":{"start":{"line":10,"column":20},"end":{"line":12,"column":1}},"7":{"start":{"line":11,"column":2},"end":{"line":11,"column":57}},"8":{"start":{"line":14,"column":19},"end":{"line":26,"column":1}},"9":{"start":{"line":15,"column":17},"end":{"line":15,"column":34}},"10":{"start":{"line":17,"column":2},"end":{"line":25,"column":null}},"11":{"start":{"line":18,"column":17},"end":{"line":18,"column":56}},"12":{"start":{"line":20,"column":4},"end":{"line":20,"column":29}},"13":{"start":{"line":22,"column":4},"end":{"line":24,"column":null}},"14":{"start":{"line":23,"column":6},"end":{"line":23,"column":26}},"15":{"start":{"line":28,"column":22},"end":{"line":49,"column":1}},"16":{"start":{"line":29,"column":2},"end":{"line":48,"column":null}},"17":{"start":{"line":30,"column":22},"end":{"line":31,"column":null}},"18":{"start":{"line":33,"column":18},"end":{"line":37,"column":6}},"19":{"start":{"line":39,"column":4},"end":{"line":42,"column":7}},"20":{"start":{"line":46,"column":4},"end":{"line":47,"column":66}},"21":{"start":{"line":47,"column":6},"end":{"line":47,"column":66}},"22":{"start":{"line":51,"column":26},"end":{"line":61,"column":1}},"23":{"start":{"line":52,"column":2},"end":{"line":60,"column":null}},"24":{"start":{"line":53,"column":24},"end":{"line":54,"column":null}},"25":{"start":{"line":57,"column":4},"end":{"line":57,"column":49}},"26":{"start":{"line":59,"column":4},"end":{"line":59,"column":55}},"27":{"start":{"line":59,"column":35},"end":{"line":59,"column":55}},"28":{"start":{"line":63,"column":20},"end":{"line":75,"column":1}},"29":{"start":{"line":64,"column":2},"end":{"line":74,"column":null}},"30":{"start":{"line":67,"column":29},"end":{"line":68,"column":null}},"31":{"start":{"line":71,"column":4},"end":{"line":71,"column":54}},"32":{"start":{"line":73,"column":4},"end":{"line":73,"column":55}},"33":{"start":{"line":73,"column":35},"end":{"line":73,"column":55}},"34":{"start":{"line":77,"column":18},"end":{"line":90,"column":1}},"35":{"start":{"line":78,"column":2},"end":{"line":89,"column":null}},"36":{"start":{"line":79,"column":20},"end":{"line":82,"column":6}},"37":{"start":{"line":84,"column":4},"end":{"line":84,"column":32}},"38":{"start":{"line":86,"column":4},"end":{"line":88,"column":null}},"39":{"start":{"line":87,"column":6},"end":{"line":87,"column":26}},"40":{"start":{"line":92,"column":22},"end":{"line":92,"column":63}},"41":{"start":{"line":94,"column":20},"end":{"line":101,"column":1}},"42":{"start":{"line":95,"column":2},"end":{"line":100,"column":null}},"43":{"start":{"line":96,"column":4},"end":{"line":96,"column":40}},"44":{"start":{"line":97,"column":4},"end":{"line":97,"column":60}},"45":{"start":{"line":99,"column":4},"end":{"line":99,"column":23}},"46":{"start":{"line":103,"column":24},"end":{"line":112,"column":2}},"47":{"start":{"line":114,"column":0},"end":{"line":114,"column":31}}},"fnMap":{"0":{"name":"(anonymous_1)","decl":{"start":{"line":10,"column":20},"end":{"line":10,"column":25}},"loc":{"start":{"line":10,"column":58},"end":{"line":12,"column":1}}},"1":{"name":"(anonymous_2)","decl":{"start":{"line":14,"column":19},"end":{"line":14,"column":24}},"loc":{"start":{"line":14,"column":57},"end":{"line":26,"column":1}}},"2":{"name":"(anonymous_3)","decl":{"start":{"line":28,"column":22},"end":{"line":28,"column":27}},"loc":{"start":{"line":28,"column":60},"end":{"line":49,"column":1}}},"3":{"name":"(anonymous_4)","decl":{"start":{"line":51,"column":26},"end":{"line":51,"column":31}},"loc":{"start":{"line":51,"column":64},"end":{"line":61,"column":1}}},"4":{"name":"(anonymous_5)","decl":{"start":{"line":63,"column":20},"end":{"line":63,"column":25}},"loc":{"start":{"line":63,"column":58},"end":{"line":75,"column":1}}},"5":{"name":"(anonymous_6)","decl":{"start":{"line":77,"column":18},"end":{"line":77,"column":23}},"loc":{"start":{"line":77,"column":56},"end":{"line":90,"column":1}}},"6":{"name":"(anonymous_7)","decl":{"start":{"line":92,"column":22},"end":{"line":92,"column":27}},"loc":{"start":{"line":92,"column":60},"end":{"line":92,"column":63}}},"7":{"name":"(anonymous_8)","decl":{"start":{"line":94,"column":20},"end":{"line":94,"column":25}},"loc":{"start":{"line":94,"column":58},"end":{"line":101,"column":1}}}},"branchMap":{"0":{"loc":{"start":{"line":22,"column":4},"end":{"line":24,"column":null}},"type":"if","locations":[{"start":{"line":22,"column":4},"end":{"line":24,"column":null}}]},"1":{"loc":{"start":{"line":46,"column":4},"end":{"line":47,"column":66}},"type":"if","locations":[{"start":{"line":46,"column":4},"end":{"line":47,"column":66}}]},"2":{"loc":{"start":{"line":59,"column":4},"end":{"line":59,"column":55}},"type":"if","locations":[{"start":{"line":59,"column":4},"end":{"line":59,"column":55}}]},"3":{"loc":{"start":{"line":73,"column":4},"end":{"line":73,"column":55}},"type":"if","locations":[{"start":{"line":73,"column":4},"end":{"line":73,"column":55}}]},"4":{"loc":{"start":{"line":86,"column":4},"end":{"line":88,"column":null}},"type":"if","locations":[{"start":{"line":86,"column":4},"end":{"line":88,"column":null}}]}},"s":{"0":1,"1":1,"2":1,"3":1,"4":1,"5":1,"6":1,"7":1,"8":1,"9":3,"10":3,"11":3,"12":1,"13":2,"14":2,"15":1,"16":2,"17":2,"18":1,"19":1,"20":1,"21":1,"22":1,"23":1,"24":1,"25":1,"26":0,"27":0,"28":1,"29":2,"30":2,"31":1,"32":1,"33":1,"34":1,"35":0,"36":0,"37":0,"38":0,"39":0,"40":1,"41":1,"42":0,"43":0,"44":0,"45":0,"46":1,"47":1},"f":{"0":1,"1":3,"2":2,"3":1,"4":2,"5":0,"6":0,"7":0},"b":{"0":[2],"1":[1],"2":[0],"3":[1],"4":[0]}}
,"/home/olivier/workspaces/Projects/Chat-app/server/src/database/models/MessageModel.ts": {"path":"/home/olivier/workspaces/Projects/Chat-app/server/src/database/models/MessageModel.ts","statementMap":{"0":{"start":{"line":1,"column":0},"end":{"line":1,"column":41}},"1":{"start":{"line":17,"column":22},"end":{"line":29,"column":2}},"2":{"start":{"line":31,"column":21},"end":{"line":31,"column":62}},"3":{"start":{"line":33,"column":0},"end":{"line":33,"column":28}}},"fnMap":{},"branchMap":{},"s":{"0":1,"1":1,"2":1,"3":1},"f":{},"b":{}}
,"/home/olivier/workspaces/Projects/Chat-app/server/src/database/models/RequestModel.ts": {"path":"/home/olivier/workspaces/Projects/Chat-app/server/src/database/models/RequestModel.ts","statementMap":{"0":{"start":{"line":1,"column":0},"end":{"line":1,"column":41}},"1":{"start":{"line":8,"column":22},"end":{"line":11,"column":2}},"2":{"start":{"line":13,"column":21},"end":{"line":13,"column":62}},"3":{"start":{"line":15,"column":0},"end":{"line":15,"column":28}}},"fnMap":{},"branchMap":{},"s":{"0":1,"1":1,"2":1,"3":1},"f":{},"b":{}}
,"/home/olivier/workspaces/Projects/Chat-app/server/src/database/models/UserModel.ts": {"path":"/home/olivier/workspaces/Projects/Chat-app/server/src/database/models/UserModel.ts","statementMap":{"0":{"start":{"line":1,"column":0},"end":{"line":1,"column":41}},"1":{"start":{"line":2,"column":0},"end":{"line":2,"column":28}},"2":{"start":{"line":31,"column":19},"end":{"line":40,"column":2}},"3":{"start":{"line":43,"column":0},"end":{"line":50,"column":3}},"4":{"start":{"line":44,"column":15},"end":{"line":44,"column":19}},"5":{"start":{"line":45,"column":2},"end":{"line":47,"column":null}},"6":{"start":{"line":46,"column":4},"end":{"line":46,"column":56}},"7":{"start":{"line":49,"column":2},"end":{"line":49,"column":9}},"8":{"start":{"line":53,"column":0},"end":{"line":55,"column":2}},"9":{"start":{"line":54,"column":2},"end":{"line":54,"column":46}},"10":{"start":{"line":57,"column":18},"end":{"line":57,"column":50}},"11":{"start":{"line":59,"column":0},"end":{"line":59,"column":25}}},"fnMap":{"0":{"name":"(anonymous_1)","decl":{"start":{"line":43,"column":23},"end":{"line":43,"column":28}},"loc":{"start":{"line":43,"column":43},"end":{"line":50,"column":1}}},"1":{"name":"(anonymous_2)","decl":{"start":{"line":53,"column":33},"end":{"line":53,"column":null}},"loc":{"start":{"line":53,"column":33},"end":{"line":55,"column":1}}}},"branchMap":{"0":{"loc":{"start":{"line":45,"column":2},"end":{"line":47,"column":null}},"type":"if","locations":[{"start":{"line":45,"column":2},"end":{"line":47,"column":null}}]}},"s":{"0":1,"1":1,"2":1,"3":1,"4":1,"5":1,"6":1,"7":1,"8":1,"9":0,"10":1,"11":1},"f":{"0":1,"1":0},"b":{"0":[1]}}
,"/home/olivier/workspaces/Projects/Chat-app/server/src/middlewares/authenticate.ts": {"path":"/home/olivier/workspaces/Projects/Chat-app/server/src/middlewares/authenticate.ts","statementMap":{"0":{"start":{"line":2,"column":0},"end":{"line":2,"column":31}},"1":{"start":{"line":4,"column":28},"end":{"line":28,"column":1}},"2":{"start":{"line":9,"column":2},"end":{"line":27,"column":null}},"3":{"start":{"line":10,"column":18},"end":{"line":10,"column":72}},"4":{"start":{"line":11,"column":4},"end":{"line":21,"column":7}},"5":{"start":{"line":12,"column":6},"end":{"line":20,"column":null}},"6":{"start":{"line":13,"column":8},"end":{"line":17,"column":11}},"7":{"start":{"line":19,"column":8},"end":{"line":19,"column":15}},"8":{"start":{"line":23,"column":4},"end":{"line":26,"column":7}},"9":{"start":{"line":4,"column":13},"end":{"line":4,"column":28}}},"fnMap":{"0":{"name":"(anonymous_1)","decl":{"start":{"line":4,"column":28},"end":{"line":4,"column":null}},"loc":{"start":{"line":8,"column":4},"end":{"line":28,"column":1}}},"1":{"name":"(anonymous_2)","decl":{"start":{"line":11,"column":47},"end":{"line":11,"column":48}},"loc":{"start":{"line":11,"column":64},"end":{"line":21,"column":5}}}},"branchMap":{"0":{"loc":{"start":{"line":9,"column":2},"end":{"line":27,"column":null}},"type":"if","locations":[{"start":{"line":9,"column":2},"end":{"line":27,"column":null}},{"start":{"line":22,"column":9},"end":{"line":27,"column":null}}]},"1":{"loc":{"start":{"line":12,"column":6},"end":{"line":20,"column":null}},"type":"if","locations":[{"start":{"line":12,"column":6},"end":{"line":20,"column":null}},{"start":{"line":18,"column":13},"end":{"line":20,"column":null}}]}},"s":{"0":1,"1":1,"2":5,"3":4,"4":4,"5":4,"6":1,"7":3,"8":1,"9":1},"f":{"0":5,"1":4},"b":{"0":[4,1],"1":[1,3]}}
,"/home/olivier/workspaces/Projects/Chat-app/server/src/services/RequestServices.ts": {"path":"/home/olivier/workspaces/Projects/Chat-app/server/src/services/RequestServices.ts","statementMap":{"0":{"start":{"line":1,"column":0},"end":{"line":1,"column":59}},"1":{"start":{"line":2,"column":0},"end":{"line":2,"column":53}},"2":{"start":{"line":3,"column":0},"end":{"line":3,"column":45}},"3":{"start":{"line":15,"column":15},"end":{"line":35,"column":1}},"4":{"start":{"line":16,"column":22},"end":{"line":16,"column":61}},"5":{"start":{"line":17,"column":17},"end":{"line":17,"column":51}},"6":{"start":{"line":19,"column":2},"end":{"line":25,"column":null}},"7":{"start":{"line":20,"column":4},"end":{"line":24,"column":7}},"8":{"start":{"line":27,"column":18},"end":{"line":30,"column":4}},"9":{"start":{"line":31,"column":23},"end":{"line":31,"column":43}},"10":{"start":{"line":34,"column":2},"end":{"line":34,"column":22}},"11":{"start":{"line":37,"column":15},"end":{"line":65,"column":1}},"12":{"start":{"line":42,"column":27},"end":{"line":42,"column":66}},"13":{"start":{"line":43,"column":22},"end":{"line":43,"column":56}},"14":{"start":{"line":45,"column":2},"end":{"line":51,"column":null}},"15":{"start":{"line":46,"column":4},"end":{"line":50,"column":7}},"16":{"start":{"line":54,"column":2},"end":{"line":54,"column":43}},"17":{"start":{"line":55,"column":2},"end":{"line":55,"column":43}},"18":{"start":{"line":58,"column":2},"end":{"line":58,"column":51}},"19":{"start":{"line":61,"column":2},"end":{"line":64,"column":4}},"20":{"start":{"line":67,"column":24},"end":{"line":67,"column":42}},"21":{"start":{"line":69,"column":0},"end":{"line":69,"column":31}}},"fnMap":{"0":{"name":"(anonymous_1)","decl":{"start":{"line":15,"column":15},"end":{"line":15,"column":20}},"loc":{"start":{"line":15,"column":75},"end":{"line":35,"column":1}}},"1":{"name":"(anonymous_2)","decl":{"start":{"line":37,"column":15},"end":{"line":37,"column":20}},"loc":{"start":{"line":41,"column":20},"end":{"line":65,"column":1}}}},"branchMap":{"0":{"loc":{"start":{"line":19,"column":2},"end":{"line":25,"column":null}},"type":"if","locations":[{"start":{"line":19,"column":2},"end":{"line":25,"column":null}}]},"1":{"loc":{"start":{"line":19,"column":6},"end":{"line":19,"column":29}},"type":"binary-expr","locations":[{"start":{"line":19,"column":6},"end":{"line":19,"column":18}},{"start":{"line":19,"column":22},"end":{"line":19,"column":29}}]},"2":{"loc":{"start":{"line":45,"column":2},"end":{"line":51,"column":null}},"type":"if","locations":[{"start":{"line":45,"column":2},"end":{"line":51,"column":null}}]},"3":{"loc":{"start":{"line":45,"column":6},"end":{"line":45,"column":39}},"type":"binary-expr","locations":[{"start":{"line":45,"column":6},"end":{"line":45,"column":23}},{"start":{"line":45,"column":27},"end":{"line":45,"column":39}}]},"4":{"loc":{"start":{"line":54,"column":2},"end":{"line":54,"column":42}},"type":"cond-expr","locations":[{"start":{"line":54,"column":26},"end":{"line":54,"column":28}},{"start":{"line":54,"column":26},"end":{"line":54,"column":42}}]},"5":{"loc":{"start":{"line":54,"column":2},"end":{"line":54,"column":28}},"type":"binary-expr","locations":[{"start":{"line":54,"column":2},"end":{"line":54,"column":28}},{"start":{"line":54,"column":26},"end":{"line":54,"column":28}}]},"6":{"loc":{"start":{"line":55,"column":2},"end":{"line":55,"column":42}},"type":"cond-expr","locations":[{"start":{"line":55,"column":21},"end":{"line":55,"column":23}},{"start":{"line":55,"column":21},"end":{"line":55,"column":42}}]},"7":{"loc":{"start":{"line":55,"column":2},"end":{"line":55,"column":23}},"type":"binary-expr","locations":[{"start":{"line":55,"column":2},"end":{"line":55,"column":23}},{"start":{"line":55,"column":21},"end":{"line":55,"column":23}}]}},"s":{"0":1,"1":1,"2":1,"3":1,"4":0,"5":0,"6":0,"7":0,"8":0,"9":0,"10":0,"11":1,"12":0,"13":0,"14":0,"15":0,"16":0,"17":0,"18":0,"19":0,"20":1,"21":1},"f":{"0":0,"1":0},"b":{"0":[0],"1":[0,0],"2":[0],"3":[0,0],"4":[0,0],"5":[0,0],"6":[0,0],"7":[0,0]}}
,"/home/olivier/workspaces/Projects/Chat-app/server/src/services/messageServices.ts": {"path":"/home/olivier/workspaces/Projects/Chat-app/server/src/services/messageServices.ts","statementMap":{"0":{"start":{"line":1,"column":0},"end":{"line":1,"column":59}},"1":{"start":{"line":3,"column":29},"end":{"line":14,"column":1}},"2":{"start":{"line":4,"column":19},"end":{"line":4,"column":46}},"3":{"start":{"line":6,"column":19},"end":{"line":7,"column":null}},"4":{"start":{"line":7,"column":4},"end":{"line":7,"column":54}},"5":{"start":{"line":7,"column":40},"end":{"line":7,"column":53}},"6":{"start":{"line":10,"column":2},"end":{"line":13,"column":6}},"7":{"start":{"line":10,"column":36},"end":{"line":13,"column":4}},"8":{"start":{"line":16,"column":18},"end":{"line":32,"column":1}},"9":{"start":{"line":17,"column":2},"end":{"line":31,"column":null}},"10":{"start":{"line":18,"column":4},"end":{"line":28,"column":null}},"11":{"start":{"line":19,"column":22},"end":{"line":23,"column":8}},"12":{"start":{"line":25,"column":6},"end":{"line":25,"column":34}},"13":{"start":{"line":27,"column":6},"end":{"line":27,"column":25}},"14":{"start":{"line":30,"column":4},"end":{"line":30,"column":47}},"15":{"start":{"line":34,"column":24},"end":{"line":34,"column":59}},"16":{"start":{"line":36,"column":0},"end":{"line":36,"column":31}}},"fnMap":{"0":{"name":"(anonymous_1)","decl":{"start":{"line":3,"column":29},"end":{"line":3,"column":34}},"loc":{"start":{"line":3,"column":54},"end":{"line":14,"column":1}}},"1":{"name":"(anonymous_2)","decl":{"start":{"line":6,"column":35},"end":{"line":6,"column":36}},"loc":{"start":{"line":7,"column":4},"end":{"line":7,"column":54}}},"2":{"name":"(anonymous_3)","decl":{"start":{"line":7,"column":32},"end":{"line":7,"column":33}},"loc":{"start":{"line":7,"column":40},"end":{"line":7,"column":53}}},"3":{"name":"(anonymous_4)","decl":{"start":{"line":10,"column":22},"end":{"line":10,"column":23}},"loc":{"start":{"line":10,"column":36},"end":{"line":13,"column":4}}},"4":{"name":"(anonymous_5)","decl":{"start":{"line":16,"column":18},"end":{"line":16,"column":23}},"loc":{"start":{"line":16,"column":46},"end":{"line":32,"column":1}}}},"branchMap":{"0":{"loc":{"start":{"line":17,"column":2},"end":{"line":31,"column":null}},"type":"if","locations":[{"start":{"line":17,"column":2},"end":{"line":31,"column":null}},{"start":{"line":29,"column":9},"end":{"line":31,"column":null}}]}},"s":{"0":1,"1":1,"2":0,"3":0,"4":0,"5":0,"6":0,"7":0,"8":1,"9":0,"10":0,"11":0,"12":0,"13":0,"14":0,"15":1,"16":1},"f":{"0":0,"1":0,"2":0,"3":0,"4":0},"b":{"0":[0,0]}}
,"/home/olivier/workspaces/Projects/Chat-app/server/src/services/userServices.ts": {"path":"/home/olivier/workspaces/Projects/Chat-app/server/src/services/userServices.ts","statementMap":{"0":{"start":{"line":1,"column":0},"end":{"line":1,"column":67}},"1":{"start":{"line":2,"column":0},"end":{"line":2,"column":59}},"2":{"start":{"line":3,"column":0},"end":{"line":3,"column":77}},"3":{"start":{"line":4,"column":0},"end":{"line":4,"column":45}},"4":{"start":{"line":6,"column":17},"end":{"line":21,"column":1}},"5":{"start":{"line":7,"column":20},"end":{"line":9,"column":4}},"6":{"start":{"line":11,"column":2},"end":{"line":17,"column":null}},"7":{"start":{"line":12,"column":4},"end":{"line":16,"column":7}},"8":{"start":{"line":19,"column":15},"end":{"line":19,"column":38}},"9":{"start":{"line":20,"column":2},"end":{"line":20,"column":27}},"10":{"start":{"line":23,"column":21},"end":{"line":43,"column":1}},"11":{"start":{"line":24,"column":2},"end":{"line":42,"column":null}},"12":{"start":{"line":25,"column":22},"end":{"line":25,"column":54}},"13":{"start":{"line":27,"column":4},"end":{"line":33,"column":null}},"14":{"start":{"line":28,"column":6},"end":{"line":32,"column":9}},"15":{"start":{"line":35,"column":4},"end":{"line":35,"column":21}},"16":{"start":{"line":37,"column":4},"end":{"line":41,"column":7}},"17":{"start":{"line":45,"column":34},"end":{"line":66,"column":1}},"18":{"start":{"line":46,"column":32},"end":{"line":46,"column":70}},"19":{"start":{"line":48,"column":22},"end":{"line":54,"column":null}},"20":{"start":{"line":57,"column":2},"end":{"line":63,"column":null}},"21":{"start":{"line":58,"column":4},"end":{"line":62,"column":7}},"22":{"start":{"line":65,"column":2},"end":{"line":65,"column":21}},"23":{"start":{"line":68,"column":20},"end":{"line":102,"column":1}},"24":{"start":{"line":75,"column":32},"end":{"line":75,"column":70}},"25":{"start":{"line":77,"column":2},"end":{"line":101,"column":null}},"26":{"start":{"line":78,"column":29},"end":{"line":83,"column":null}},"27":{"start":{"line":86,"column":4},"end":{"line":92,"column":null}},"28":{"start":{"line":87,"column":6},"end":{"line":91,"column":9}},"29":{"start":{"line":94,"column":4},"end":{"line":94,"column":28}},"30":{"start":{"line":96,"column":4},"end":{"line":100,"column":7}},"31":{"start":{"line":110,"column":17},"end":{"line":143,"column":1}},"32":{"start":{"line":116,"column":15},"end":{"line":116,"column":47}},"33":{"start":{"line":117,"column":17},"end":{"line":117,"column":51}},"34":{"start":{"line":119,"column":2},"end":{"line":125,"column":null}},"35":{"start":{"line":120,"column":4},"end":{"line":124,"column":7}},"36":{"start":{"line":127,"column":2},"end":{"line":142,"column":null}},"37":{"start":{"line":129,"column":20},"end":{"line":132,"column":6}},"38":{"start":{"line":133,"column":25},"end":{"line":133,"column":45}},"39":{"start":{"line":136,"column":4},"end":{"line":136,"column":24}},"40":{"start":{"line":137,"column":9},"end":{"line":142,"column":null}},"41":{"start":{"line":138,"column":27},"end":{"line":138,"column":75}},"42":{"start":{"line":139,"column":4},"end":{"line":139,"column":26}},"43":{"start":{"line":145,"column":23},"end":{"line":147,"column":1}},"44":{"start":{"line":146,"column":2},"end":{"line":146,"column":33}},"45":{"start":{"line":148,"column":13},"end":{"line":155,"column":2}}},"fnMap":{"0":{"name":"(anonymous_1)","decl":{"start":{"line":6,"column":17},"end":{"line":6,"column":22}},"loc":{"start":{"line":6,"column":43},"end":{"line":21,"column":1}}},"1":{"name":"(anonymous_2)","decl":{"start":{"line":23,"column":21},"end":{"line":23,"column":26}},"loc":{"start":{"line":23,"column":46},"end":{"line":43,"column":1}}},"2":{"name":"(anonymous_3)","decl":{"start":{"line":45,"column":34},"end":{"line":45,"column":39}},"loc":{"start":{"line":45,"column":64},"end":{"line":66,"column":1}}},"3":{"name":"(anonymous_4)","decl":{"start":{"line":68,"column":20},"end":{"line":68,"column":25}},"loc":{"start":{"line":74,"column":5},"end":{"line":102,"column":1}}},"4":{"name":"(anonymous_5)","decl":{"start":{"line":110,"column":17},"end":{"line":110,"column":22}},"loc":{"start":{"line":115,"column":20},"end":{"line":143,"column":1}}},"5":{"name":"(anonymous_6)","decl":{"start":{"line":145,"column":23},"end":{"line":145,"column":28}},"loc":{"start":{"line":145,"column":34},"end":{"line":147,"column":1}}}},"branchMap":{"0":{"loc":{"start":{"line":11,"column":2},"end":{"line":17,"column":null}},"type":"if","locations":[{"start":{"line":11,"column":2},"end":{"line":17,"column":null}}]},"1":{"loc":{"start":{"line":24,"column":2},"end":{"line":42,"column":null}},"type":"if","locations":[{"start":{"line":24,"column":2},"end":{"line":42,"column":null}},{"start":{"line":36,"column":9},"end":{"line":42,"column":null}}]},"2":{"loc":{"start":{"line":27,"column":4},"end":{"line":33,"column":null}},"type":"if","locations":[{"start":{"line":27,"column":4},"end":{"line":33,"column":null}}]},"3":{"loc":{"start":{"line":57,"column":2},"end":{"line":63,"column":null}},"type":"if","locations":[{"start":{"line":57,"column":2},"end":{"line":63,"column":null}}]},"4":{"loc":{"start":{"line":77,"column":2},"end":{"line":101,"column":null}},"type":"if","locations":[{"start":{"line":77,"column":2},"end":{"line":101,"column":null}},{"start":{"line":95,"column":9},"end":{"line":101,"column":null}}]},"5":{"loc":{"start":{"line":86,"column":4},"end":{"line":92,"column":null}},"type":"if","locations":[{"start":{"line":86,"column":4},"end":{"line":92,"column":null}}]},"6":{"loc":{"start":{"line":119,"column":2},"end":{"line":125,"column":null}},"type":"if","locations":[{"start":{"line":119,"column":2},"end":{"line":125,"column":null}}]},"7":{"loc":{"start":{"line":119,"column":6},"end":{"line":119,"column":22}},"type":"binary-expr","locations":[{"start":{"line":119,"column":6},"end":{"line":119,"column":11}},{"start":{"line":119,"column":15},"end":{"line":119,"column":22}}]},"8":{"loc":{"start":{"line":127,"column":2},"end":{"line":142,"column":null}},"type":"if","locations":[{"start":{"line":127,"column":2},"end":{"line":142,"column":null}},{"start":{"line":137,"column":9},"end":{"line":142,"column":null}}]},"9":{"loc":{"start":{"line":137,"column":9},"end":{"line":142,"column":null}},"type":"if","locations":[{"start":{"line":137,"column":9},"end":{"line":142,"column":null}},{"start":{"line":140,"column":9},"end":{"line":142,"column":null}}]}},"s":{"0":1,"1":1,"2":1,"3":1,"4":1,"5":2,"6":2,"7":1,"8":1,"9":1,"10":1,"11":3,"12":2,"13":2,"14":1,"15":1,"16":1,"17":1,"18":1,"19":1,"20":1,"21":0,"22":1,"23":1,"24":2,"25":2,"26":1,"27":1,"28":0,"29":1,"30":1,"31":1,"32":0,"33":0,"34":0,"35":0,"36":0,"37":0,"38":0,"39":0,"40":0,"41":0,"42":0,"43":1,"44":0,"45":1},"f":{"0":2,"1":3,"2":1,"3":2,"4":0,"5":0},"b":{"0":[1],"1":[2,1],"2":[1],"3":[0],"4":[1,1],"5":[0],"6":[0],"7":[0,0],"8":[0,0],"9":[0,0]}}
,"/home/olivier/workspaces/Projects/Chat-app/server/src/utils/appError.ts": {"path":"/home/olivier/workspaces/Projects/Chat-app/server/src/utils/appError.ts","statementMap":{"0":{"start":{"line":12,"column":4},"end":{"line":12,"column":19}},"1":{"start":{"line":13,"column":4},"end":{"line":13,"column":21}},"2":{"start":{"line":14,"column":4},"end":{"line":14,"column":25}},"3":{"start":{"line":18,"column":4},"end":{"line":24,"column":7}},"4":{"start":{"line":9,"column":0},"end":{"line":9,"column":13}}},"fnMap":{"0":{"name":"(anonymous_0)","decl":{"start":{"line":11,"column":2},"end":{"line":11,"column":14}},"loc":{"start":{"line":11,"column":47},"end":{"line":15,"column":3}}},"1":{"name":"(anonymous_1)","decl":{"start":{"line":17,"column":2},"end":{"line":17,"column":10}},"loc":{"start":{"line":17,"column":24},"end":{"line":25,"column":3}}}},"branchMap":{},"s":{"0":4,"1":4,"2":4,"3":3,"4":1},"f":{"0":4,"1":3},"b":{}}
,"/home/olivier/workspaces/Projects/Chat-app/server/src/utils/createToken.ts": {"path":"/home/olivier/workspaces/Projects/Chat-app/server/src/utils/createToken.ts","statementMap":{"0":{"start":{"line":1,"column":0},"end":{"line":1,"column":36}},"1":{"start":{"line":15,"column":27},"end":{"line":18,"column":1}},"2":{"start":{"line":16,"column":16},"end":{"line":16,"column":70}},"3":{"start":{"line":17,"column":2},"end":{"line":17,"column":15}},"4":{"start":{"line":15,"column":13},"end":{"line":15,"column":27}}},"fnMap":{"0":{"name":"(anonymous_0)","decl":{"start":{"line":15,"column":27},"end":{"line":15,"column":28}},"loc":{"start":{"line":15,"column":49},"end":{"line":18,"column":1}}}},"branchMap":{},"s":{"0":1,"1":1,"2":2,"3":2,"4":1},"f":{"0":2},"b":{}}
,"/home/olivier/workspaces/Projects/Chat-app/server/src/v1/routes/authRoutes.ts": {"path":"/home/olivier/workspaces/Projects/Chat-app/server/src/v1/routes/authRoutes.ts","statementMap":{"0":{"start":{"line":1,"column":0},"end":{"line":1,"column":30}},"1":{"start":{"line":2,"column":0},"end":{"line":2,"column":68}},"2":{"start":{"line":3,"column":0},"end":{"line":3,"column":null}},"3":{"start":{"line":7,"column":19},"end":{"line":7,"column":35}},"4":{"start":{"line":9,"column":0},"end":{"line":14,"column":2}},"5":{"start":{"line":16,"column":0},"end":{"line":16,"column":26}}},"fnMap":{},"branchMap":{},"s":{"0":1,"1":1,"2":1,"3":1,"4":1,"5":1},"f":{},"b":{}}
,"/home/olivier/workspaces/Projects/Chat-app/server/src/v1/routes/messageRoutes.ts": {"path":"/home/olivier/workspaces/Projects/Chat-app/server/src/v1/routes/messageRoutes.ts","statementMap":{"0":{"start":{"line":1,"column":0},"end":{"line":1,"column":30}},"1":{"start":{"line":2,"column":0},"end":{"line":2,"column":70}},"2":{"start":{"line":3,"column":22},"end":{"line":3,"column":38}},"3":{"start":{"line":5,"column":0},"end":{"line":5,"column":58}},"4":{"start":{"line":13,"column":0},"end":{"line":13,"column":29}}},"fnMap":{},"branchMap":{},"s":{"0":1,"1":1,"2":1,"3":1,"4":1},"f":{},"b":{}}
,"/home/olivier/workspaces/Projects/Chat-app/server/src/v1/routes/userRoutes.ts": {"path":"/home/olivier/workspaces/Projects/Chat-app/server/src/v1/routes/userRoutes.ts","statementMap":{"0":{"start":{"line":1,"column":0},"end":{"line":1,"column":53}},"1":{"start":{"line":2,"column":0},"end":{"line":2,"column":64}},"2":{"start":{"line":3,"column":0},"end":{"line":3,"column":null}},"3":{"start":{"line":8,"column":0},"end":{"line":8,"column":62}},"4":{"start":{"line":11,"column":19},"end":{"line":11,"column":35}},"5":{"start":{"line":13,"column":0},"end":{"line":13,"column":49}},"6":{"start":{"line":15,"column":0},"end":{"line":15,"column":69}},"7":{"start":{"line":17,"column":0},"end":{"line":22,"column":2}},"8":{"start":{"line":24,"column":0},"end":{"line":54,"column":3}},"9":{"start":{"line":25,"column":2},"end":{"line":53,"column":null}},"10":{"start":{"line":27,"column":4},"end":{"line":27,"column":54}},"11":{"start":{"line":29,"column":4},"end":{"line":52,"column":null}},"12":{"start":{"line":30,"column":6},"end":{"line":39,"column":null}},"13":{"start":{"line":32,"column":10},"end":{"line":32,"column":48}},"14":{"start":{"line":33,"column":10},"end":{"line":33,"column":16}},"15":{"start":{"line":36,"column":10},"end":{"line":36,"column":16}},"16":{"start":{"line":38,"column":10},"end":{"line":38,"column":16}},"17":{"start":{"line":40,"column":11},"end":{"line":52,"column":null}},"18":{"start":{"line":41,"column":6},"end":{"line":51,"column":null}},"19":{"start":{"line":44,"column":10},"end":{"line":44,"column":46}},"20":{"start":{"line":45,"column":10},"end":{"line":45,"column":16}},"21":{"start":{"line":48,"column":10},"end":{"line":48,"column":16}},"22":{"start":{"line":50,"column":10},"end":{"line":50,"column":16}},"23":{"start":{"line":56,"column":0},"end":{"line":56,"column":52}},"24":{"start":{"line":58,"column":0},"end":{"line":58,"column":61}},"25":{"start":{"line":60,"column":0},"end":{"line":60,"column":26}}},"fnMap":{"0":{"name":"(anonymous_1)","decl":{"start":{"line":24,"column":27},"end":{"line":24,"column":32}},"loc":{"start":{"line":24,"column":65},"end":{"line":54,"column":1}}}},"branchMap":{"0":{"loc":{"start":{"line":25,"column":2},"end":{"line":53,"column":null}},"type":"if","locations":[{"start":{"line":25,"column":2},"end":{"line":53,"column":null}},{"start":{"line":28,"column":9},"end":{"line":53,"column":null}}]},"1":{"loc":{"start":{"line":29,"column":4},"end":{"line":52,"column":null}},"type":"if","locations":[{"start":{"line":29,"column":4},"end":{"line":52,"column":null}},{"start":{"line":40,"column":11},"end":{"line":52,"column":null}}]},"2":{"loc":{"start":{"line":30,"column":6},"end":{"line":39,"column":null}},"type":"switch","locations":[{"start":{"line":31,"column":8},"end":{"line":33,"column":16}},{"start":{"line":34,"column":8},"end":{"line":36,"column":16}},{"start":{"line":37,"column":8},"end":{"line":38,"column":16}}]},"3":{"loc":{"start":{"line":40,"column":11},"end":{"line":52,"column":null}},"type":"if","locations":[{"start":{"line":40,"column":11},"end":{"line":52,"column":null}}]},"4":{"loc":{"start":{"line":41,"column":6},"end":{"line":51,"column":null}},"type":"switch","locations":[{"start":{"line":42,"column":8},"end":{"line":45,"column":16}},{"start":{"line":46,"column":8},"end":{"line":48,"column":16}},{"start":{"line":49,"column":8},"end":{"line":50,"column":16}}]}},"s":{"0":1,"1":1,"2":1,"3":1,"4":1,"5":1,"6":1,"7":1,"8":1,"9":3,"10":1,"11":2,"12":2,"13":2,"14":2,"15":0,"16":0,"17":0,"18":0,"19":0,"20":0,"21":0,"22":0,"23":1,"24":1,"25":1},"f":{"0":3},"b":{"0":[1,2],"1":[2,0],"2":[2,0,0],"3":[0],"4":[0,0,0]}}
}
