TN:
SF:dist/src/app.js
FN:2,(anonymous_0)
FN:24,(anonymous_1)
FNF:2
FNH:1
FNDA:5,(anonymous_0)
FNDA:0,(anonymous_1)
DA:2,1
DA:3,5
DA:5,1
DA:6,1
DA:7,1
DA:8,1
DA:9,1
DA:10,1
DA:11,1
DA:12,1
DA:13,1
DA:14,1
DA:15,1
DA:16,1
DA:17,1
DA:18,1
DA:19,1
DA:20,1
DA:21,1
DA:22,1
DA:23,1
DA:24,1
DA:25,0
DA:27,1
LF:24
LH:23
BRDA:2,0,0,1
BRDA:2,0,1,1
BRDA:2,0,2,1
BRDA:3,1,0,3
BRDA:3,1,1,2
BRDA:3,2,0,5
BRDA:3,2,1,5
BRF:7
BRH:7
end_of_record
TN:
SF:dist/src/controllers/authControllers.js
FN:2,(anonymous_0)
FN:11,(anonymous_1)
FNF:2
FNH:2
FNDA:1,(anonymous_0)
FNDA:1,(anonymous_1)
DA:2,1
DA:3,1
DA:5,1
DA:6,1
DA:7,1
DA:8,1
DA:9,1
DA:10,1
DA:11,1
DA:12,1
DA:13,1
DA:14,1
DA:19,1
DA:25,0
DA:26,0
DA:32,1
LF:16
LH:14
BRDA:2,0,0,1
BRDA:2,0,1,1
BRDA:2,0,2,1
BRDA:3,1,0,1
BRDA:3,1,1,0
BRDA:3,2,0,1
BRDA:3,2,1,1
BRDA:25,3,0,0
BRDA:25,3,1,0
BRF:9
BRH:6
end_of_record
TN:
SF:dist/src/controllers/messageControllers.js
FN:2,(anonymous_0)
FN:7,(anonymous_1)
FNF:2
FNH:1
FNDA:1,(anonymous_0)
FNDA:0,(anonymous_1)
DA:2,1
DA:3,1
DA:5,1
DA:6,1
DA:7,1
DA:8,0
DA:9,0
DA:10,0
DA:11,0
DA:14,0
DA:17,1
DA:20,1
LF:12
LH:7
BRDA:2,0,0,1
BRDA:2,0,1,1
BRDA:2,0,2,1
BRDA:3,1,0,1
BRDA:3,1,1,0
BRDA:3,2,0,1
BRDA:3,2,1,1
BRDA:9,3,0,0
BRDA:9,3,1,0
BRF:9
BRH:6
end_of_record
TN:
SF:dist/src/controllers/userControllers.js
FN:2,(anonymous_0)
FN:12,(anonymous_1)
FN:15,(anonymous_2)
FN:27,(anonymous_3)
FN:45,(anonymous_4)
FN:55,(anonymous_5)
FN:65,(anonymous_6)
FN:79,(anonymous_7)
FN:80,(anonymous_8)
FNF:9
FNH:6
FNDA:2,(anonymous_0)
FNDA:1,(anonymous_1)
FNDA:3,(anonymous_2)
FNDA:2,(anonymous_3)
FNDA:1,(anonymous_4)
FNDA:2,(anonymous_5)
FNDA:0,(anonymous_6)
FNDA:0,(anonymous_7)
FNDA:0,(anonymous_8)
DA:2,1
DA:3,2
DA:5,1
DA:6,1
DA:7,1
DA:8,1
DA:9,1
DA:10,1
DA:11,1
DA:12,1
DA:13,1
DA:15,1
DA:16,3
DA:17,3
DA:18,3
DA:19,1
DA:22,2
DA:23,2
DA:27,1
DA:28,2
DA:29,2
DA:30,1
DA:35,1
DA:41,1
DA:42,1
DA:45,1
DA:46,1
DA:47,1
DA:48,1
DA:51,0
DA:52,0
DA:55,1
DA:56,2
DA:57,2
DA:58,1
DA:61,1
DA:62,1
DA:65,1
DA:66,0
DA:67,0
DA:71,0
DA:74,0
DA:75,0
DA:79,1
DA:80,1
DA:81,0
DA:82,0
DA:83,0
DA:86,0
DA:89,1
DA:99,1
LF:51
LH:40
BRDA:2,0,0,1
BRDA:2,0,1,1
BRDA:2,0,2,1
BRDA:3,1,0,2
BRDA:3,1,1,0
BRDA:3,2,0,2
BRDA:3,2,1,2
BRDA:22,3,0,2
BRDA:22,3,1,0
BRDA:41,4,0,1
BRDA:41,4,1,0
BRDA:51,5,0,0
BRDA:51,5,1,0
BRDA:61,6,0,1
BRDA:61,6,1,0
BRDA:74,7,0,0
BRDA:74,7,1,0
BRF:17
BRH:9
end_of_record
TN:
SF:dist/src/database/models/MessageModel.js
FNF:0
FNH:0
DA:2,1
DA:3,1
DA:4,1
DA:17,1
DA:18,1
LF:5
LH:5
BRF:0
BRH:0
end_of_record
TN:
SF:dist/src/database/models/RequestModel.js
FNF:0
FNH:0
DA:2,1
DA:3,1
DA:4,1
DA:8,1
DA:9,1
LF:5
LH:5
BRF:0
BRH:0
end_of_record
TN:
SF:dist/src/database/models/UserModel.js
FN:2,(anonymous_0)
FN:18,(anonymous_1)
FN:25,(anonymous_2)
FNF:3
FNH:2
FNDA:1,(anonymous_0)
FNDA:1,(anonymous_1)
FNDA:0,(anonymous_2)
DA:2,1
DA:3,1
DA:5,1
DA:6,1
DA:7,1
DA:8,1
DA:18,1
DA:19,1
DA:20,1
DA:21,1
DA:23,1
DA:25,1
DA:26,0
DA:28,1
DA:29,1
LF:15
LH:14
BRDA:2,0,0,1
BRDA:2,0,1,1
BRDA:2,0,2,1
BRDA:3,1,0,0
BRDA:3,1,1,1
BRDA:3,2,0,1
BRDA:3,2,1,1
BRDA:20,3,0,1
BRDA:20,3,1,0
BRF:9
BRH:7
end_of_record
TN:
SF:dist/src/middlewares/authenticate.js
FN:2,(anonymous_0)
FN:8,(anonymous_1)
FN:11,(anonymous_2)
FNF:3
FNH:3
FNDA:1,(anonymous_0)
FNDA:5,(anonymous_1)
FNDA:4,(anonymous_2)
DA:2,1
DA:3,1
DA:5,1
DA:6,1
DA:7,1
DA:8,1
DA:9,5
DA:10,4
DA:11,4
DA:12,4
DA:13,1
DA:20,3
DA:25,1
DA:31,1
LF:14
LH:14
BRDA:2,0,0,1
BRDA:2,0,1,1
BRDA:2,0,2,1
BRDA:3,1,0,0
BRDA:3,1,1,1
BRDA:3,2,0,1
BRDA:3,2,1,1
BRDA:9,3,0,4
BRDA:9,3,1,1
BRDA:12,4,0,1
BRDA:12,4,1,3
BRF:11
BRH:10
end_of_record
TN:
SF:dist/src/services/RequestServices.js
FN:2,(anonymous_0)
FN:9,(anonymous_1)
FN:26,(anonymous_2)
FNF:3
FNH:1
FNDA:2,(anonymous_0)
FNDA:0,(anonymous_1)
FNDA:0,(anonymous_2)
DA:2,1
DA:3,2
DA:5,1
DA:6,1
DA:7,1
DA:8,1
DA:9,1
DA:10,0
DA:11,0
DA:12,0
DA:13,0
DA:19,0
DA:23,0
DA:24,0
DA:26,1
DA:28,0
DA:29,0
DA:30,0
DA:31,0
DA:37,0
DA:38,0
DA:39,0
DA:40,0
DA:45,1
DA:46,1
LF:25
LH:10
BRDA:2,0,0,1
BRDA:2,0,1,1
BRDA:2,0,2,1
BRDA:3,1,0,2
BRDA:3,1,1,0
BRDA:3,2,0,2
BRDA:3,2,1,2
BRDA:12,3,0,0
BRDA:12,3,1,0
BRDA:12,4,0,0
BRDA:12,4,1,0
BRDA:30,5,0,0
BRDA:30,5,1,0
BRDA:30,6,0,0
BRDA:30,6,1,0
BRDA:37,7,0,0
BRDA:37,7,1,0
BRDA:37,8,0,0
BRDA:37,8,1,0
BRDA:38,9,0,0
BRDA:38,9,1,0
BRDA:38,10,0,0
BRDA:38,10,1,0
BRF:23
BRH:6
end_of_record
TN:
SF:dist/src/services/messageServices.js
FN:2,(anonymous_0)
FN:7,(anonymous_1)
FN:9,(anonymous_2)
FN:9,(anonymous_3)
FN:10,(anonymous_4)
FN:15,(anonymous_5)
FNF:6
FNH:1
FNDA:1,(anonymous_0)
FNDA:0,(anonymous_1)
FNDA:0,(anonymous_2)
FNDA:0,(anonymous_3)
FNDA:0,(anonymous_4)
FNDA:0,(anonymous_5)
DA:2,1
DA:3,1
DA:5,1
DA:6,1
DA:7,1
DA:8,0
DA:9,0
DA:10,0
DA:15,1
DA:16,0
DA:17,0
DA:18,0
DA:23,0
DA:26,0
DA:30,0
DA:33,1
DA:34,1
LF:17
LH:8
BRDA:2,0,0,1
BRDA:2,0,1,1
BRDA:2,0,2,1
BRDA:3,1,0,1
BRDA:3,1,1,0
BRDA:3,2,0,1
BRDA:3,2,1,1
BRDA:16,3,0,0
BRDA:16,3,1,0
BRF:9
BRH:6
end_of_record
TN:
SF:dist/src/services/userServices.js
FN:2,(anonymous_0)
FN:11,(anonymous_1)
FN:25,(anonymous_2)
FN:45,(anonymous_3)
FN:60,(anonymous_4)
FN:83,(anonymous_5)
FN:108,(anonymous_6)
FNF:7
FNH:5
FNDA:2,(anonymous_0)
FNDA:2,(anonymous_1)
FNDA:3,(anonymous_2)
FNDA:1,(anonymous_3)
FNDA:2,(anonymous_4)
FNDA:0,(anonymous_5)
FNDA:0,(anonymous_6)
DA:2,1
DA:3,2
DA:5,1
DA:6,1
DA:7,1
DA:8,1
DA:9,1
DA:10,1
DA:11,1
DA:12,2
DA:15,2
DA:16,1
DA:22,1
DA:23,1
DA:25,1
DA:26,3
DA:27,2
DA:28,2
DA:29,1
DA:35,1
DA:38,1
DA:45,1
DA:46,1
DA:47,1
DA:51,1
DA:52,0
DA:58,1
DA:60,1
DA:61,2
DA:62,2
DA:63,1
DA:66,1
DA:67,0
DA:73,1
DA:76,1
DA:83,1
DA:84,0
DA:85,0
DA:86,0
DA:87,0
DA:93,0
DA:94,0
DA:98,0
DA:99,0
DA:101,0
DA:102,0
DA:103,0
DA:108,1
DA:109,0
DA:111,1
LF:50
LH:36
BRDA:2,0,0,1
BRDA:2,0,1,1
BRDA:2,0,2,1
BRDA:3,1,0,2
BRDA:3,1,1,0
BRDA:3,2,0,2
BRDA:3,2,1,2
BRDA:15,3,0,1
BRDA:15,3,1,1
BRDA:26,4,0,2
BRDA:26,4,1,1
BRDA:28,5,0,1
BRDA:28,5,1,1
BRDA:51,6,0,0
BRDA:51,6,1,1
BRDA:62,7,0,1
BRDA:62,7,1,1
BRDA:66,8,0,0
BRDA:66,8,1,1
BRDA:86,9,0,0
BRDA:86,9,1,0
BRDA:86,10,0,0
BRDA:86,10,1,0
BRDA:93,11,0,0
BRDA:93,11,1,0
BRDA:101,12,0,0
BRDA:101,12,1,0
BRF:27
BRH:16
end_of_record
TN:
SF:dist/src/utils/appError.js
FN:5,(anonymous_0)
FN:10,(anonymous_1)
FNF:2
FNH:2
FNDA:4,(anonymous_0)
FNDA:3,(anonymous_1)
DA:2,1
DA:3,1
DA:6,4
DA:7,4
DA:8,4
DA:11,3
DA:20,1
LF:7
LH:7
BRF:0
BRH:0
end_of_record
TN:
SF:dist/src/utils/createToken.js
FN:5,(anonymous_0)
FNF:1
FNH:1
FNDA:2,(anonymous_0)
DA:2,1
DA:3,1
DA:4,1
DA:5,1
DA:6,2
DA:7,2
DA:9,1
LF:7
LH:7
BRF:0
BRH:0
end_of_record
TN:
SF:dist/src/v1/routes/authRoutes.js
FN:2,(anonymous_0)
FNF:1
FNH:1
FNDA:1,(anonymous_0)
DA:2,1
DA:3,1
DA:5,1
DA:6,1
DA:7,1
DA:8,1
DA:9,1
DA:10,1
DA:11,1
LF:9
LH:9
BRDA:2,0,0,1
BRDA:2,0,1,1
BRDA:2,0,2,1
BRDA:3,1,0,0
BRDA:3,1,1,1
BRDA:3,2,0,1
BRDA:3,2,1,1
BRF:7
BRH:6
end_of_record
TN:
SF:dist/src/v1/routes/messageRoutes.js
FN:2,(anonymous_0)
FNF:1
FNH:1
FNDA:2,(anonymous_0)
DA:2,1
DA:3,2
DA:5,1
DA:6,1
DA:7,1
DA:8,1
DA:9,1
DA:10,1
LF:8
LH:8
BRDA:2,0,0,1
BRDA:2,0,1,1
BRDA:2,0,2,1
BRDA:3,1,0,1
BRDA:3,1,1,1
BRDA:3,2,0,2
BRDA:3,2,1,2
BRF:7
BRH:7
end_of_record
TN:
SF:dist/src/v1/routes/userRoutes.js
FN:2,(anonymous_0)
FN:14,(anonymous_1)
FNF:2
FNH:2
FNDA:2,(anonymous_0)
FNDA:3,(anonymous_1)
DA:2,1
DA:3,2
DA:5,1
DA:6,1
DA:7,1
DA:8,1
DA:9,1
DA:10,1
DA:11,1
DA:12,1
DA:13,1
DA:14,1
DA:15,3
DA:16,1
DA:19,2
DA:20,2
DA:22,2
DA:23,2
DA:25,0
DA:27,0
DA:30,0
DA:31,0
DA:33,0
DA:34,0
DA:36,0
DA:38,0
DA:43,1
DA:44,1
DA:45,1
LF:29
LH:21
BRDA:2,0,0,1
BRDA:2,0,1,1
BRDA:2,0,2,1
BRDA:3,1,0,1
BRDA:3,1,1,1
BRDA:3,2,0,2
BRDA:3,2,1,2
BRDA:15,3,0,1
BRDA:15,3,1,2
BRDA:19,4,0,2
BRDA:19,4,1,0
BRDA:20,5,0,2
BRDA:20,5,1,0
BRDA:20,5,2,0
BRDA:30,6,0,0
BRDA:30,6,1,0
BRDA:31,7,0,0
BRDA:31,7,1,0
BRDA:31,7,2,0
BRF:19
BRH:11
end_of_record
TN:
SF:src/app.ts
FN:27,(anonymous_1)
FNF:1
FNH:0
FNDA:0,(anonymous_1)
DA:1,1
DA:2,1
DA:3,1
DA:4,1
DA:5,1
DA:7,1
DA:8,1
DA:9,1
DA:11,1
DA:13,1
DA:15,1
DA:16,1
DA:18,1
DA:19,1
DA:20,1
DA:22,1
DA:24,1
DA:27,1
DA:28,0
DA:31,1
LF:20
LH:19
BRF:0
BRH:0
end_of_record
TN:
SF:src/controllers/authControllers.ts
FN:7,(anonymous_1)
FNF:1
FNH:1
FNDA:1,(anonymous_1)
DA:2,1
DA:3,1
DA:4,1
DA:5,1
DA:7,1
DA:8,1
DA:9,1
DA:11,1
DA:17,1
DA:22,0
DA:23,0
DA:30,1
LF:12
LH:10
BRDA:22,0,0,0
BRF:1
BRH:0
end_of_record
TN:
SF:src/controllers/messageControllers.ts
FN:5,(anonymous_1)
FNF:1
FNH:0
FNDA:0,(anonymous_1)
DA:3,1
DA:5,1
DA:6,0
DA:8,0
DA:9,0
DA:11,0
DA:13,0
DA:33,1
DA:41,1
LF:9
LH:4
BRDA:8,0,0,0
BRDA:8,0,1,0
BRF:2
BRH:0
end_of_record
TN:
SF:src/controllers/userControllers.ts
FN:10,(anonymous_1)
FN:14,(anonymous_2)
FN:28,(anonymous_3)
FN:51,(anonymous_4)
FN:63,(anonymous_5)
FN:77,(anonymous_6)
FN:92,(anonymous_7)
FN:94,(anonymous_8)
FNF:8
FNH:5
FNDA:1,(anonymous_1)
FNDA:3,(anonymous_2)
FNDA:2,(anonymous_3)
FNDA:1,(anonymous_4)
FNDA:2,(anonymous_5)
FNDA:0,(anonymous_6)
FNDA:0,(anonymous_7)
FNDA:0,(anonymous_8)
DA:2,1
DA:3,1
DA:4,1
DA:5,1
DA:6,1
DA:8,1
DA:10,1
DA:11,1
DA:14,1
DA:15,3
DA:17,3
DA:18,3
DA:20,1
DA:22,2
DA:23,2
DA:28,1
DA:29,2
DA:30,2
DA:33,1
DA:39,1
DA:46,1
DA:47,1
DA:51,1
DA:52,1
DA:53,1
DA:57,1
DA:59,0
DA:63,1
DA:64,2
DA:67,2
DA:71,1
DA:73,1
DA:77,1
DA:78,0
DA:79,0
DA:84,0
DA:86,0
DA:87,0
DA:92,1
DA:94,1
DA:95,0
DA:96,0
DA:97,0
DA:99,0
DA:103,1
DA:114,1
LF:46
LH:36
BRDA:22,0,0,2
BRDA:46,1,0,1
BRDA:59,2,0,0
BRDA:73,3,0,1
BRDA:86,4,0,0
BRF:5
BRH:3
end_of_record
TN:
SF:src/database/models/MessageModel.ts
FNF:0
FNH:0
DA:1,1
DA:17,1
DA:31,1
DA:33,1
LF:4
LH:4
BRF:0
BRH:0
end_of_record
TN:
SF:src/database/models/RequestModel.ts
FNF:0
FNH:0
DA:1,1
DA:8,1
DA:13,1
DA:15,1
LF:4
LH:4
BRF:0
BRH:0
end_of_record
TN:
SF:src/database/models/UserModel.ts
FN:43,(anonymous_1)
FN:53,(anonymous_2)
FNF:2
FNH:1
FNDA:1,(anonymous_1)
FNDA:0,(anonymous_2)
DA:1,1
DA:2,1
DA:31,1
DA:43,1
DA:44,1
DA:45,1
DA:46,1
DA:49,1
DA:53,1
DA:54,0
DA:57,1
DA:59,1
LF:12
LH:11
BRDA:45,0,0,1
BRF:1
BRH:1
end_of_record
TN:
SF:src/middlewares/authenticate.ts
FN:4,(anonymous_1)
FN:11,(anonymous_2)
FNF:2
FNH:2
FNDA:5,(anonymous_1)
FNDA:4,(anonymous_2)
DA:2,1
DA:4,1
DA:9,5
DA:10,4
DA:11,4
DA:12,4
DA:13,1
DA:19,3
DA:23,1
LF:9
LH:9
BRDA:9,0,0,4
BRDA:9,0,1,1
BRDA:12,1,0,1
BRDA:12,1,1,3
BRF:4
BRH:4
end_of_record
TN:
SF:src/services/RequestServices.ts
FN:15,(anonymous_1)
FN:37,(anonymous_2)
FNF:2
FNH:0
FNDA:0,(anonymous_1)
FNDA:0,(anonymous_2)
DA:1,1
DA:2,1
DA:3,1
DA:15,1
DA:16,0
DA:17,0
DA:19,0
DA:20,0
DA:27,0
DA:31,0
DA:34,0
DA:37,1
DA:42,0
DA:43,0
DA:45,0
DA:46,0
DA:54,0
DA:55,0
DA:58,0
DA:61,0
DA:67,1
DA:69,1
LF:22
LH:7
BRDA:19,0,0,0
BRDA:19,1,0,0
BRDA:19,1,1,0
BRDA:45,2,0,0
BRDA:45,3,0,0
BRDA:45,3,1,0
BRDA:54,4,0,0
BRDA:54,4,1,0
BRDA:54,5,0,0
BRDA:54,5,1,0
BRDA:55,6,0,0
BRDA:55,6,1,0
BRDA:55,7,0,0
BRDA:55,7,1,0
BRF:14
BRH:0
end_of_record
TN:
SF:src/services/messageServices.ts
FN:3,(anonymous_1)
FN:6,(anonymous_2)
FN:7,(anonymous_3)
FN:10,(anonymous_4)
FN:16,(anonymous_5)
FNF:5
FNH:0
FNDA:0,(anonymous_1)
FNDA:0,(anonymous_2)
FNDA:0,(anonymous_3)
FNDA:0,(anonymous_4)
FNDA:0,(anonymous_5)
DA:1,1
DA:3,1
DA:4,0
DA:6,0
DA:7,0
DA:10,0
DA:16,1
DA:17,0
DA:18,0
DA:19,0
DA:25,0
DA:27,0
DA:30,0
DA:34,1
DA:36,1
LF:15
LH:5
BRDA:17,0,0,0
BRDA:17,0,1,0
BRF:2
BRH:0
end_of_record
TN:
SF:src/services/userServices.ts
FN:6,(anonymous_1)
FN:23,(anonymous_2)
FN:45,(anonymous_3)
FN:68,(anonymous_4)
FN:110,(anonymous_5)
FN:145,(anonymous_6)
FNF:6
FNH:4
FNDA:2,(anonymous_1)
FNDA:3,(anonymous_2)
FNDA:1,(anonymous_3)
FNDA:2,(anonymous_4)
FNDA:0,(anonymous_5)
FNDA:0,(anonymous_6)
DA:1,1
DA:2,1
DA:3,1
DA:4,1
DA:6,1
DA:7,2
DA:11,2
DA:12,1
DA:19,1
DA:20,1
DA:23,1
DA:24,3
DA:25,2
DA:27,2
DA:28,1
DA:35,1
DA:37,1
DA:45,1
DA:46,1
DA:48,1
DA:57,1
DA:58,0
DA:65,1
DA:68,1
DA:75,2
DA:77,2
DA:78,1
DA:86,1
DA:87,0
DA:94,1
DA:96,1
DA:110,1
DA:116,0
DA:117,0
DA:119,0
DA:120,0
DA:127,0
DA:129,0
DA:133,0
DA:136,0
DA:137,0
DA:138,0
DA:139,0
DA:145,1
DA:146,0
DA:148,1
LF:46
LH:32
BRDA:11,0,0,1
BRDA:24,1,0,2
BRDA:24,1,1,1
BRDA:27,2,0,1
BRDA:57,3,0,0
BRDA:77,4,0,1
BRDA:77,4,1,1
BRDA:86,5,0,0
BRDA:119,6,0,0
BRDA:119,7,0,0
BRDA:119,7,1,0
BRDA:127,8,0,0
BRDA:127,8,1,0
BRDA:137,9,0,0
BRDA:137,9,1,0
BRF:15
BRH:6
end_of_record
TN:
SF:src/utils/appError.ts
FN:11,(anonymous_0)
FN:17,(anonymous_1)
FNF:2
FNH:2
FNDA:4,(anonymous_0)
FNDA:3,(anonymous_1)
DA:9,1
DA:12,4
DA:13,4
DA:14,4
DA:18,3
LF:5
LH:5
BRF:0
BRH:0
end_of_record
TN:
SF:src/utils/createToken.ts
FN:15,(anonymous_0)
FNF:1
FNH:1
FNDA:2,(anonymous_0)
DA:1,1
DA:15,1
DA:16,2
DA:17,2
LF:4
LH:4
BRF:0
BRH:0
end_of_record
TN:
SF:src/v1/routes/authRoutes.ts
FNF:0
FNH:0
DA:1,1
DA:2,1
DA:3,1
DA:7,1
DA:9,1
DA:16,1
LF:6
LH:6
BRF:0
BRH:0
end_of_record
TN:
SF:src/v1/routes/messageRoutes.ts
FNF:0
FNH:0
DA:1,1
DA:2,1
DA:3,1
DA:5,1
DA:13,1
LF:5
LH:5
BRF:0
BRH:0
end_of_record
TN:
SF:src/v1/routes/userRoutes.ts
FN:24,(anonymous_1)
FNF:1
FNH:1
FNDA:3,(anonymous_1)
DA:1,1
DA:2,1
DA:3,1
DA:8,1
DA:11,1
DA:13,1
DA:15,1
DA:17,1
DA:24,1
DA:25,3
DA:27,1
DA:29,2
DA:30,2
DA:32,2
DA:33,2
DA:36,0
DA:38,0
DA:40,0
DA:41,0
DA:44,0
DA:45,0
DA:48,0
DA:50,0
DA:56,1
DA:58,1
DA:60,1
LF:26
LH:18
BRDA:25,0,0,1
BRDA:25,0,1,2
BRDA:29,1,0,2
BRDA:29,1,1,0
BRDA:30,2,0,2
BRDA:30,2,1,0
BRDA:30,2,2,0
BRDA:40,3,0,0
BRDA:41,4,0,0
BRDA:41,4,1,0
BRDA:41,4,2,0
BRF:11
BRH:4
end_of_record
